#
# A fatal error has been detected by the Java Runtime Environment:
#
#  EXCEPTION_ACCESS_VIOLATION (0xc0000005) at pc=0x00007ffd46641f5c, pid=20960, tid=0x0000000000002594
#
# JRE version: Java(TM) SE Runtime Environment (8.0_181-b13) (build 1.8.0_181-b13)
# Java VM: Java HotSpot(TM) 64-Bit Server VM (25.181-b13 mixed mode windows-amd64 compressed oops)
# Problematic frame:
# C  [cudnn64_7.dll+0x9e1f5c]
#
# Failed to write core dump. Minidumps are not enabled by default on client versions of Windows
#
# If you would like to submit a bug report, please visit:
#   http://bugreport.java.com/bugreport/crash.jsp
# The crash happened outside the Java Virtual Machine in native code.
# See problematic frame for where to report the bug.
#

---------------  T H R E A D  ---------------

Current thread (0x0000000042a18000):  JavaThread "CudnnHandle{0; null}@13011948" [_thread_in_native, id=9620, stack(0x0000000000010000,0x0000000000110000)]

siginfo: ExceptionCode=0xc0000005, reading address 0x000000190200e200

Registers:
RAX=0x0000000000000000, RBX=0x000000000010cba8, RCX=0x000000004db12040, RDX=0x000000000010ca60
RSP=0x000000000010caf0, RBP=0x000000000010cb60, RSI=0x000000190200e000, RDI=0x000000190200e200
R8 =0x000000000010ca50, R9 =0x0000000000000000, R10=0x0000000000000001, R11=0x000000000010cad0
R12=0x0000000000000000, R13=0x000000004af375f8, R14=0x000000190200e200, R15=0x0000000042a18000
RIP=0x00007ffd46641f5c, EFLAGS=0x0000000000010246

Top of Stack: (sp=0x000000000010caf0)
0x000000000010caf0:   000000004ae38398 000000004db11e00
0x000000000010cb00:   000000000010cba8 000000000010cb60
0x000000000010cb10:   0000001000000010 0000000000000001
0x000000000010cb20:   0000000100000001 0000000000000001
0x000000000010cb30:   000000004adf8ba0 000000004af5b060
0x000000000010cb40:   00000000443c0a00 0000000002ab1784
0x000000000010cb50:   0000000059abc6a0 00007ffd46641e6d
0x000000000010cb60:   000000000010cc70 00007ffd45c6850b
0x000000000010cb70:   000000000091e9d0 000000190200e000
0x000000000010cb80:   0000000048d3ab20 000000074aef1af0
0x000000000010cb90:   000000004aef1af0 000000004aeed9b0
0x000000000010cba0:   000000004af60348 0000000000000001
0x000000000010cbb0:   0000000100000001 0000000600000006
0x000000000010cbc0:   0000002400000024 0000000100000006
0x000000000010cbd0:   000000304af492f8 000000074aef1ad0
0x000000000010cbe0:   000000004af5b5f8 000000004af5abb8 

Instructions: (pc=0x00007ffd46641f5c)
0x00007ffd46641f3c:   00 c7 45 c8 01 00 00 00 48 89 45 c0 e8 53 0b 2c
0x00007ffd46641f4c:   00 85 c0 0f 85 14 01 00 00 0f 10 03 0f 10 4b 10
0x00007ffd46641f5c:   f2 0f 10 17 48 8d 4d d0 48 8b d6 0f 29 45 d0 0f
0x00007ffd46641f6c:   29 4d e0 f2 0f 10 43 20 f2 0f 11 45 f0 e8 62 b1 


Register to memory mapping:

RAX=0x0000000000000000 is an unknown value
RBX=0x000000000010cba8 is pointing into the stack for thread: 0x0000000042a18000
RCX=0x000000004db12040 is an unknown value
RDX=0x000000000010ca60 is pointing into the stack for thread: 0x0000000042a18000
RSP=0x000000000010caf0 is pointing into the stack for thread: 0x0000000042a18000
RBP=0x000000000010cb60 is pointing into the stack for thread: 0x0000000042a18000
RSI=0x000000190200e000 is an unknown value
RDI=0x000000190200e200 is an unknown value
R8 =0x000000000010ca50 is pointing into the stack for thread: 0x0000000042a18000
R9 =0x0000000000000000 is an unknown value
R10=0x0000000000000001 is an unknown value
R11=0x000000000010cad0 is pointing into the stack for thread: 0x0000000042a18000
R12=0x0000000000000000 is an unknown value
R13={method} {0x000000004af37600} 'cudnnSetTensorNative' '(Ljcuda/jcudnn/cudnnHandle;Ljcuda/jcudnn/cudnnTensorDescriptor;Ljcuda/Pointer;Ljcuda/Pointer;)I' in 'jcuda/jcudnn/JCudnn'
R14=0x000000190200e200 is an unknown value
R15=0x0000000042a18000 is a thread


Stack: [0x0000000000010000,0x0000000000110000],  sp=0x000000000010caf0,  free space=1010k
Native frames: (J=compiled Java code, j=interpreted, Vv=VM code, C=native code)
C  [cudnn64_7.dll+0x9e1f5c]
C  [cudnn64_7.dll+0x850b]
C  [JCudnn-10.0.0-windows-x86_64.dll+0x19550]
C  0x0000000002ab17b0

Java frames: (J=compiled Java code, j=interpreted, Vv=VM code)
j  jcuda.jcudnn.JCudnn.cudnnSetTensorNative(Ljcuda/jcudnn/cudnnHandle;Ljcuda/jcudnn/cudnnTensorDescriptor;Ljcuda/Pointer;Ljcuda/Pointer;)I+0
j  jcuda.jcudnn.JCudnn.cudnnSetTensor(Ljcuda/jcudnn/cudnnHandle;Ljcuda/jcudnn/cudnnTensorDescriptor;Ljcuda/Pointer;Ljcuda/Pointer;)I+4
j  com.simiacryptus.mindseye.lang.cudnn.CudnnHandle.cudnnSetTensor(Ljcuda/jcudnn/cudnnTensorDescriptor;Lcom/simiacryptus/mindseye/lang/cudnn/CudaPointer;Lcom/simiacryptus/mindseye/lang/cudnn/CudaPointer;)I+36
j  com.simiacryptus.mindseye.layers.cudnn.ImgCropLayer.copy(Lcom/simiacryptus/mindseye/lang/cudnn/CudnnHandle;Lcom/simiacryptus/mindseye/lang/cudnn/CudaTensor;I[I[IZLcom/simiacryptus/mindseye/lang/cudnn/Precision;)Lcom/simiacryptus/mindseye/lang/cudnn/CudaTensor;+690
j  com.simiacryptus.mindseye.layers.cudnn.ImgCropLayer.lambda$evalAndFree$1(Lcom/simiacryptus/mindseye/lang/TensorList;[I[IILcom/simiacryptus/mindseye/lang/cudnn/CudnnHandle;)Lcom/simiacryptus/mindseye/lang/cudnn/CudaTensorList;+122
j  com.simiacryptus.mindseye.layers.cudnn.ImgCropLayer$$Lambda$358.apply(Ljava/lang/Object;)Ljava/lang/Object;+24
j  com.simiacryptus.mindseye.lang.cudnn.CudaSystem.lambda$null$18(Ljava/util/function/Function;Lcom/simiacryptus/mindseye/lang/cudnn/CudnnHandle;)Ljava/lang/Object;+2
j  com.simiacryptus.mindseye.lang.cudnn.CudaSystem$$Lambda$369.get()Ljava/lang/Object;+8
j  com.simiacryptus.mindseye.lang.cudnn.CudnnHandle.lambda$null$2(Ljava/util/function/Supplier;)Ljava/lang/Object;+36
j  com.simiacryptus.mindseye.lang.cudnn.CudnnHandle$$Lambda$371.call()Ljava/lang/Object;+8
j  java.util.concurrent.FutureTask.run$$$capture()V+42
j  java.util.concurrent.FutureTask.run()V+5
j  java.util.concurrent.ThreadPoolExecutor.runWorker(Ljava/util/concurrent/ThreadPoolExecutor$Worker;)V+95
j  java.util.concurrent.ThreadPoolExecutor$Worker.run()V+5
j  java.lang.Thread.run()V+11
v  ~StubRoutines::call_stub

---------------  P R O C E S S  ---------------

Java Threads: ( => current thread )
=>0x0000000042a18000 JavaThread "CudnnHandle{0; null}@13011948" [_thread_in_native, id=9620, stack(0x0000000000010000,0x0000000000110000)]
  0x0000000042a16000 JavaThread "ForkJoinPool.commonPool-worker-56" daemon [_thread_blocked, id=21196, stack(0x000000006b420000,0x000000006b520000)]
  0x0000000042a16800 JavaThread "ForkJoinPool.commonPool-worker-35" daemon [_thread_blocked, id=17976, stack(0x000000006b320000,0x000000006b420000)]
  0x0000000042a14800 JavaThread "ForkJoinPool.commonPool-worker-14" daemon [_thread_blocked, id=21192, stack(0x000000006b220000,0x000000006b320000)]
  0x0000000042a17800 JavaThread "ForkJoinPool.commonPool-worker-7" daemon [_thread_blocked, id=23204, stack(0x000000006b120000,0x000000006b220000)]
  0x0000000042a13800 JavaThread "ForkJoinPool.commonPool-worker-0" daemon [_thread_blocked, id=17340, stack(0x000000006b020000,0x000000006b120000)]
  0x0000000042a19000 JavaThread "ForkJoinPool.commonPool-worker-21" daemon [_thread_blocked, id=22692, stack(0x000000006af20000,0x000000006b020000)]
  0x0000000042a15000 JavaThread "ForkJoinPool.commonPool-worker-28" daemon [_thread_blocked, id=4188, stack(0x000000006ae20000,0x000000006af20000)]
  0x0000000042a0c000 JavaThread "ForkJoinPool.commonPool-worker-25" daemon [_thread_blocked, id=19004, stack(0x000000006ad20000,0x000000006ae20000)]
  0x0000000042a13000 JavaThread "ForkJoinPool.commonPool-worker-42" daemon [_thread_blocked, id=16668, stack(0x000000006ac20000,0x000000006ad20000)]
  0x0000000042a0b000 JavaThread "ForkJoinPool.commonPool-worker-18" daemon [_thread_blocked, id=1788, stack(0x000000006ab20000,0x000000006ac20000)]
  0x0000000042a11800 JavaThread "ForkJoinPool.commonPool-worker-11" daemon [_thread_blocked, id=21992, stack(0x000000006aa20000,0x000000006ab20000)]
  0x0000000042a10800 JavaThread "ForkJoinPool.commonPool-worker-4" daemon [_thread_blocked, id=16164, stack(0x000000006a920000,0x000000006aa20000)]
  0x0000000042a12000 JavaThread "ForkJoinPool.commonPool-worker-54" daemon [_thread_blocked, id=18648, stack(0x000000006a820000,0x000000006a920000)]
  0x0000000042a0d800 JavaThread "ForkJoinPool.commonPool-worker-49" daemon [_thread_blocked, id=21376, stack(0x000000006a720000,0x000000006a820000)]
  0x0000000042a09800 JavaThread "ForkJoinPool.commonPool-worker-47" daemon [_thread_blocked, id=7596, stack(0x000000006a620000,0x000000006a720000)]
  0x0000000042a10000 JavaThread "ForkJoinPool.commonPool-worker-33" daemon [_thread_blocked, id=6312, stack(0x000000006a520000,0x000000006a620000)]
  0x0000000042a0a800 JavaThread "ForkJoinPool.commonPool-worker-26" daemon [_thread_blocked, id=10408, stack(0x000000006a420000,0x000000006a520000)]
  0x0000000042a0e000 JavaThread "ForkJoinPool.commonPool-worker-63" daemon [_thread_blocked, id=14060, stack(0x000000006a320000,0x000000006a420000)]
  0x0000000042a0c800 JavaThread "ForkJoinPool.commonPool-worker-12" daemon [_thread_blocked, id=17384, stack(0x000000006a220000,0x000000006a320000)]
  0x0000000042a0f000 JavaThread "ForkJoinPool.commonPool-worker-5" daemon [_thread_blocked, id=22596, stack(0x000000006a120000,0x000000006a220000)]
  0x0000000041c3d800 JavaThread "ForkJoinPool.commonPool-worker-62" daemon [_thread_blocked, id=22384, stack(0x000000006a020000,0x000000006a120000)]
  0x0000000042ad3800 JavaThread "ForkJoinPool.commonPool-worker-48" daemon [_thread_blocked, id=8220, stack(0x0000000069f20000,0x000000006a020000)]
  0x0000000042adb000 JavaThread "ForkJoinPool.commonPool-worker-41" daemon [_thread_blocked, id=8404, stack(0x0000000069e20000,0x0000000069f20000)]
  0x0000000042ada000 JavaThread "ForkJoinPool.commonPool-worker-34" daemon [_thread_blocked, id=15928, stack(0x0000000069d20000,0x0000000069e20000)]
  0x0000000042ad8800 JavaThread "ForkJoinPool.commonPool-worker-27" daemon [_thread_blocked, id=17132, stack(0x0000000069c20000,0x0000000069d20000)]
  0x0000000042adb800 JavaThread "ForkJoinPool.commonPool-worker-13" daemon [_thread_blocked, id=23444, stack(0x0000000069b20000,0x0000000069c20000)]
  0x0000000042ad9800 JavaThread "ForkJoinPool.commonPool-worker-6" daemon [_thread_blocked, id=10272, stack(0x0000000069a20000,0x0000000069b20000)]
  0x0000000042adf800 JavaThread "ForkJoinPool.commonPool-worker-20" daemon [_thread_blocked, id=22376, stack(0x0000000069920000,0x0000000069a20000)]
  0x0000000042ade800 JavaThread "ForkJoinPool.commonPool-worker-39" daemon [_thread_blocked, id=21408, stack(0x0000000069820000,0x0000000069920000)]
  0x0000000042ade000 JavaThread "ForkJoinPool.commonPool-worker-55" daemon [_thread_blocked, id=6080, stack(0x0000000069720000,0x0000000069820000)]
  0x0000000042add000 JavaThread "ForkJoinPool.commonPool-worker-19" daemon [_thread_blocked, id=22388, stack(0x0000000069620000,0x0000000069720000)]
  0x0000000042ad8000 JavaThread "ForkJoinPool.commonPool-worker-40" daemon [_thread_blocked, id=18152, stack(0x0000000069520000,0x0000000069620000)]
  0x0000000042adc800 JavaThread "ForkJoinPool.commonPool-worker-61" daemon [_thread_blocked, id=16824, stack(0x0000000069420000,0x0000000069520000)]
  0x0000000042ad0800 JavaThread "ForkJoinPool.commonPool-worker-32" daemon [_thread_blocked, id=3884, stack(0x0000000069320000,0x0000000069420000)]
  0x0000000042ad5000 JavaThread "ForkJoinPool.commonPool-worker-46" daemon [_thread_blocked, id=18800, stack(0x0000000069220000,0x0000000069320000)]
  0x0000000042ad4000 JavaThread "ForkJoinPool.commonPool-worker-53" daemon [_thread_blocked, id=8232, stack(0x0000000054ca0000,0x0000000054da0000)]
  0x0000000042ad7000 JavaThread "ForkJoinPool.commonPool-worker-60" daemon [_thread_blocked, id=10000, stack(0x0000000054ba0000,0x0000000054ca0000)]
  0x0000000042ad1000 JavaThread "ForkJoinPool.commonPool-worker-3" daemon [_thread_blocked, id=18204, stack(0x000000004f490000,0x000000004f590000)]
  0x0000000042ad2000 JavaThread "ForkJoinPool.commonPool-worker-10" daemon [_thread_blocked, id=5936, stack(0x000000004f390000,0x000000004f490000)]
  0x0000000042ad2800 JavaThread "ForkJoinPool.commonPool-worker-17" daemon [_thread_blocked, id=11900, stack(0x000000004eb90000,0x000000004ec90000)]
  0x0000000042ad6800 JavaThread "ForkJoinPool.commonPool-worker-31" daemon [_thread_blocked, id=1320, stack(0x000000004e390000,0x000000004e490000)]
  0x0000000042ad5800 JavaThread "ForkJoinPool.commonPool-worker-24" daemon [_thread_blocked, id=1268, stack(0x000000004e290000,0x000000004e390000)]
  0x0000000041c3f000 JavaThread "ForkJoinPool.commonPool-worker-38" daemon [_thread_blocked, id=21860, stack(0x000000004e190000,0x000000004e290000)]
  0x0000000041c3c800 JavaThread "ForkJoinPool.commonPool-worker-16" daemon [_thread_blocked, id=22324, stack(0x000000004d990000,0x000000004da90000)]
  0x0000000041c43800 JavaThread "ForkJoinPool.commonPool-worker-52" daemon [_thread_blocked, id=18000, stack(0x000000004d890000,0x000000004d990000)]
  0x0000000041c40800 JavaThread "ForkJoinPool.commonPool-worker-45" daemon [_thread_blocked, id=14136, stack(0x000000004d790000,0x000000004d890000)]
  0x0000000041c3e000 JavaThread "ForkJoinPool.commonPool-worker-2" daemon [_thread_blocked, id=22700, stack(0x000000004d690000,0x000000004d790000)]
  0x0000000041c42800 JavaThread "ForkJoinPool.commonPool-worker-59" daemon [_thread_blocked, id=8164, stack(0x000000004d590000,0x000000004d690000)]
  0x0000000041c42000 JavaThread "ForkJoinPool.commonPool-worker-9" daemon [_thread_blocked, id=13212, stack(0x000000004d490000,0x000000004d590000)]
  0x0000000041c3f800 JavaThread "ForkJoinPool.commonPool-worker-23" daemon [_thread_blocked, id=2400, stack(0x000000004d390000,0x000000004d490000)]
  0x0000000041c41000 JavaThread "ForkJoinPool.commonPool-worker-44" daemon [_thread_blocked, id=18448, stack(0x000000004c090000,0x000000004c190000)]
  0x0000000041c35000 JavaThread "ForkJoinPool.commonPool-worker-37" daemon [_thread_blocked, id=22472, stack(0x000000004bf90000,0x000000004c090000)]
  0x0000000041c3c000 JavaThread "ForkJoinPool.commonPool-worker-30" daemon [_thread_blocked, id=22808, stack(0x000000004be90000,0x000000004bf90000)]
  0x0000000041c3b000 JavaThread "ForkJoinPool.commonPool-worker-1" daemon [_thread_blocked, id=19988, stack(0x000000004bd90000,0x000000004be90000)]
  0x0000000041c3a800 JavaThread "ForkJoinPool.commonPool-worker-58" daemon [_thread_blocked, id=23496, stack(0x000000004bc90000,0x000000004bd90000)]
  0x0000000041c38000 JavaThread "ForkJoinPool.commonPool-worker-51" daemon [_thread_blocked, id=2692, stack(0x000000004bb90000,0x000000004bc90000)]
  0x0000000041c37800 JavaThread "ForkJoinPool.commonPool-worker-15" daemon [_thread_blocked, id=15624, stack(0x000000004ba90000,0x000000004bb90000)]
  0x0000000041c39800 JavaThread "ForkJoinPool.commonPool-worker-8" daemon [_thread_blocked, id=16076, stack(0x000000004b990000,0x000000004ba90000)]
  0x0000000041c34800 JavaThread "ForkJoinPool.commonPool-worker-22" daemon [_thread_blocked, id=1680, stack(0x000000004b890000,0x000000004b990000)]
  0x0000000041c39000 JavaThread "ForkJoinPool.commonPool-worker-29" daemon [_thread_blocked, id=4888, stack(0x000000004b790000,0x000000004b890000)]
  0x0000000041c36800 JavaThread "ForkJoinPool.commonPool-worker-36" daemon [_thread_blocked, id=1976, stack(0x000000004b690000,0x000000004b790000)]
  0x0000000041c36000 JavaThread "ForkJoinPool.commonPool-worker-43" daemon [_thread_blocked, id=10572, stack(0x000000004b590000,0x000000004b690000)]
  0x000000003f31d000 JavaThread "ForkJoinPool.commonPool-worker-50" daemon [_thread_blocked, id=12604, stack(0x000000004b490000,0x000000004b590000)]
  0x000000003f320800 JavaThread "ForkJoinPool.commonPool-worker-57" daemon [_thread_blocked, id=11876, stack(0x000000004b390000,0x000000004b490000)]
  0x000000003f31f800 JavaThread "pool-4-thread-1" daemon [_thread_blocked, id=4332, stack(0x000000004ac90000,0x000000004ad90000)]
  0x000000003f31e800 JavaThread "NanoHttpd Request Processor (#2)" daemon [_thread_in_native, id=19856, stack(0x0000000047890000,0x0000000047990000)]
  0x000000003f31e000 JavaThread "NanoHttpd Request Processor (#1)" daemon [_thread_in_native, id=9752, stack(0x0000000047790000,0x0000000047890000)]
  0x000000003e7d8000 JavaThread "AWT-Windows" daemon [_thread_in_native, id=21740, stack(0x0000000044660000,0x0000000044760000)]
  0x000000003c9e5800 JavaThread "Java2D Disposer" daemon [_thread_blocked, id=5856, stack(0x0000000044460000,0x0000000044560000)]
  0x00000000402f9000 JavaThread "NanoHttpd Main Listener" daemon [_thread_in_native, id=19040, stack(0x0000000043db0000,0x0000000043eb0000)]
  0x000000003ff7d800 JavaThread "Time-limited test" daemon [_thread_blocked, id=3448, stack(0x0000000043a10000,0x0000000043b10000)]
  0x000000003cf48000 JavaThread "pool-2-thread-1" daemon [_thread_blocked, id=1524, stack(0x000000003ef80000,0x000000003f080000)]
  0x000000003bd65800 JavaThread "Service Thread" daemon [_thread_blocked, id=12788, stack(0x000000003c4a0000,0x000000003c5a0000)]
  0x000000003bbad800 JavaThread "C1 CompilerThread3" daemon [_thread_blocked, id=19824, stack(0x000000003c3a0000,0x000000003c4a0000)]
  0x000000003bbad000 JavaThread "C2 CompilerThread2" daemon [_thread_blocked, id=10016, stack(0x000000003c2a0000,0x000000003c3a0000)]
  0x000000003bd19800 JavaThread "C2 CompilerThread1" daemon [_thread_blocked, id=6064, stack(0x000000003c1a0000,0x000000003c2a0000)]
  0x000000003bbac000 JavaThread "C2 CompilerThread0" daemon [_thread_blocked, id=9852, stack(0x000000003c0a0000,0x000000003c1a0000)]
  0x0000000039f61000 JavaThread "JDWP Command Reader" daemon [_thread_in_native, id=18056, stack(0x000000003b7a0000,0x000000003b8a0000)]
  0x0000000039f56000 JavaThread "JDWP Event Helper Thread" daemon [_thread_blocked, id=16936, stack(0x000000003b6a0000,0x000000003b7a0000)]
  0x0000000039f49800 JavaThread "JDWP Transport Listener: dt_socket" daemon [_thread_blocked, id=9196, stack(0x000000003b5a0000,0x000000003b6a0000)]
  0x0000000039f40800 JavaThread "Attach Listener" daemon [_thread_blocked, id=8532, stack(0x000000003b4a0000,0x000000003b5a0000)]
  0x0000000039f50000 JavaThread "Signal Dispatcher" daemon [_thread_blocked, id=19172, stack(0x000000003b3a0000,0x000000003b4a0000)]
  0x0000000039f33800 JavaThread "Finalizer" daemon [_thread_blocked, id=21216, stack(0x000000003b1a0000,0x000000003b2a0000)]
  0x000000003884c000 JavaThread "Reference Handler" daemon [_thread_blocked, id=18408, stack(0x000000003b0a0000,0x000000003b1a0000)]
  0x0000000002993800 JavaThread "main" [_thread_blocked, id=23388, stack(0x0000000002640000,0x0000000002740000)]

Other Threads:
  0x0000000002a8b800 VMThread [stack: 0x000000003afa0000,0x000000003b0a0000] [id=14028]
  0x000000003bd69800 WatcherThread [stack: 0x000000003c5a0000,0x000000003c6a0000] [id=23536]

VM state:not at safepoint (normal execution)

VM Mutex/Monitor currently owned by a thread: None

Heap:
 PSYoungGen      total 564224K, used 41310K [0x000000066b000000, 0x0000000690180000, 0x00000007c0000000)
  eden space 520704K, 7% used [0x000000066b000000,0x000000066d8579e0,0x000000068ac80000)
  from space 43520K, 0% used [0x000000068ac80000,0x000000068ac80000,0x000000068d700000)
  to   space 43520K, 0% used [0x000000068d700000,0x000000068d700000,0x0000000690180000)
 ParOldGen       total 656896K, used 23791K [0x00000003c1000000, 0x00000003e9180000, 0x000000066b000000)
  object space 656896K, 3% used [0x00000003c1000000,0x00000003c273bcd8,0x00000003e9180000)
 Metaspace       used 53931K, capacity 55290K, committed 55384K, reserved 1097728K
  class space    used 5877K, capacity 6225K, committed 6272K, reserved 1048576K

Card table byte_map: [0x0000000011e50000,0x0000000013e50000] byte_map_base: 0x0000000010048000

Marking Bits: (ParMarkBitMap*) 0x000000005a0b2d00
 Begin Bits: [0x0000000015da0000, 0x0000000025d60000)
 End Bits:   [0x0000000025d60000, 0x0000000035d20000)

Polling page: 0x00000000003e0000

CodeCache: size=245760Kb used=23713Kb max_used=23725Kb free=222046Kb
 bounds [0x0000000002a90000, 0x00000000041d0000, 0x0000000011a90000]
 total_blobs=7820 nmethods=7098 adapters=641
 compilation: enabled

Compilation events (10 events):
Event: 11.329 Thread 0x000000003bbad800 8285       3       java.lang.invoke.InvokerBytecodeGenerator::emitStoreResult (27 bytes)
Event: 11.329 Thread 0x000000003bbad800 nmethod 8285 0x00000000041c9750 code [0x00000000041c98e0, 0x00000000041c9d18]
Event: 11.329 Thread 0x000000003bbad800 8286       3       java.lang.invoke.LambdaForm$NamedFunction::intrinsicName (21 bytes)
Event: 11.329 Thread 0x000000003bbad000 8290       4       java.util.stream.AbstractPipeline::sourceSpliterator (265 bytes)
Event: 11.330 Thread 0x000000003bbad800 nmethod 8286 0x00000000041c9f10 code [0x00000000041ca080, 0x00000000041ca308]
Event: 11.330 Thread 0x000000003bbad800 8287       3       java.lang.invoke.InfoFromMemberName::getMethodType (8 bytes)
Event: 11.330 Thread 0x000000003bbad800 nmethod 8287 0x00000000041ca3d0 code [0x00000000041ca540, 0x00000000041ca768]
Event: 11.330 Thread 0x000000003bbad800 8288       3       java.lang.invoke.InfoFromMemberName::getName (8 bytes)
Event: 11.330 Thread 0x000000003bbad800 nmethod 8288 0x00000000041ca810 code [0x00000000041ca9a0, 0x00000000041caee8]
Event: 11.330 Thread 0x000000003bbad800 8289       3       java.lang.invoke.TypeConvertingMethodAdapter::<init> (8 bytes)

GC Heap History (10 events):
Event: 9.369 GC heap before
{Heap before GC invocations=12 (full 5):
 PSYoungGen      total 564224K, used 838K [0x000000066b000000, 0x0000000690180000, 0x00000007c0000000)
  eden space 520704K, 0% used [0x000000066b000000,0x000000066b000000,0x000000068ac80000)
  from space 43520K, 1% used [0x000000068ac80000,0x000000068ad51a90,0x000000068d700000)
  to   space 43520K, 0% used [0x000000068d700000,0x000000068d700000,0x0000000690180000)
 ParOldGen       total 656896K, used 24676K [0x00000003c1000000, 0x00000003e9180000, 0x000000066b000000)
  object space 656896K, 3% used [0x00000003c1000000,0x00000003c28190b0,0x00000003e9180000)
 Metaspace       used 52846K, capacity 53942K, committed 54232K, reserved 1097728K
  class space    used 5740K, capacity 6031K, committed 6144K, reserved 1048576K
Event: 9.437 GC heap after
Heap after GC invocations=12 (full 5):
 PSYoungGen      total 564224K, used 0K [0x000000066b000000, 0x0000000690180000, 0x00000007c0000000)
  eden space 520704K, 0% used [0x000000066b000000,0x000000066b000000,0x000000068ac80000)
  from space 43520K, 0% used [0x000000068ac80000,0x000000068ac80000,0x000000068d700000)
  to   space 43520K, 0% used [0x000000068d700000,0x000000068d700000,0x0000000690180000)
 ParOldGen       total 656896K, used 23811K [0x00000003c1000000, 0x00000003e9180000, 0x000000066b000000)
  object space 656896K, 3% used [0x00000003c1000000,0x00000003c2740ea0,0x00000003e9180000)
 Metaspace       used 52846K, capacity 53942K, committed 54232K, reserved 1097728K
  class space    used 5740K, capacity 6031K, committed 6144K, reserved 1048576K
}
Event: 9.541 GC heap before
{Heap before GC invocations=13 (full 5):
 PSYoungGen      total 564224K, used 140743K [0x000000066b000000, 0x0000000690180000, 0x00000007c0000000)
  eden space 520704K, 27% used [0x000000066b000000,0x0000000673971ea0,0x000000068ac80000)
  from space 43520K, 0% used [0x000000068ac80000,0x000000068ac80000,0x000000068d700000)
  to   space 43520K, 0% used [0x000000068d700000,0x000000068d700000,0x0000000690180000)
 ParOldGen       total 656896K, used 23811K [0x00000003c1000000, 0x00000003e9180000, 0x000000066b000000)
  object space 656896K, 3% used [0x00000003c1000000,0x00000003c2740ea0,0x00000003e9180000)
 Metaspace       used 53089K, capacity 54264K, committed 54488K, reserved 1097728K
  class space    used 5769K, capacity 6070K, committed 6144K, reserved 1048576K
Event: 9.544 GC heap after
Heap after GC invocations=13 (full 5):
 PSYoungGen      total 564224K, used 838K [0x000000066b000000, 0x0000000690180000, 0x00000007c0000000)
  eden space 520704K, 0% used [0x000000066b000000,0x000000066b000000,0x000000068ac80000)
  from space 43520K, 1% used [0x000000068d700000,0x000000068d7d1a90,0x0000000690180000)
  to   space 43520K, 0% used [0x000000068ac80000,0x000000068ac80000,0x000000068d700000)
 ParOldGen       total 656896K, used 23819K [0x00000003c1000000, 0x00000003e9180000, 0x000000066b000000)
  object space 656896K, 3% used [0x00000003c1000000,0x00000003c2742ea0,0x00000003e9180000)
 Metaspace       used 53089K, capacity 54264K, committed 54488K, reserved 1097728K
  class space    used 5769K, capacity 6070K, committed 6144K, reserved 1048576K
}
Event: 9.544 GC heap before
{Heap before GC invocations=14 (full 6):
 PSYoungGen      total 564224K, used 838K [0x000000066b000000, 0x0000000690180000, 0x00000007c0000000)
  eden space 520704K, 0% used [0x000000066b000000,0x000000066b000000,0x000000068ac80000)
  from space 43520K, 1% used [0x000000068d700000,0x000000068d7d1a90,0x0000000690180000)
  to   space 43520K, 0% used [0x000000068ac80000,0x000000068ac80000,0x000000068d700000)
 ParOldGen       total 656896K, used 23819K [0x00000003c1000000, 0x00000003e9180000, 0x000000066b000000)
  object space 656896K, 3% used [0x00000003c1000000,0x00000003c2742ea0,0x00000003e9180000)
 Metaspace       used 53089K, capacity 54264K, committed 54488K, reserved 1097728K
  class space    used 5769K, capacity 6070K, committed 6144K, reserved 1048576K
Event: 9.706 GC heap after
Heap after GC invocations=14 (full 6):
 PSYoungGen      total 564224K, used 0K [0x000000066b000000, 0x0000000690180000, 0x00000007c0000000)
  eden space 520704K, 0% used [0x000000066b000000,0x000000066b000000,0x000000068ac80000)
  from space 43520K, 0% used [0x000000068d700000,0x000000068d700000,0x0000000690180000)
  to   space 43520K, 0% used [0x000000068ac80000,0x000000068ac80000,0x000000068d700000)
 ParOldGen       total 656896K, used 23854K [0x00000003c1000000, 0x00000003e9180000, 0x000000066b000000)
  object space 656896K, 3% used [0x00000003c1000000,0x00000003c274bb20,0x00000003e9180000)
 Metaspace       used 53089K, capacity 54264K, committed 54488K, reserved 1097728K
  class space    used 5769K, capacity 6070K, committed 6144K, reserved 1048576K
}
Event: 9.755 GC heap before
{Heap before GC invocations=15 (full 6):
 PSYoungGen      total 564224K, used 32046K [0x000000066b000000, 0x0000000690180000, 0x00000007c0000000)
  eden space 520704K, 6% used [0x000000066b000000,0x000000066cf4b8f0,0x000000068ac80000)
  from space 43520K, 0% used [0x000000068d700000,0x000000068d700000,0x0000000690180000)
  to   space 43520K, 0% used [0x000000068ac80000,0x000000068ac80000,0x000000068d700000)
 ParOldGen       total 656896K, used 23854K [0x00000003c1000000, 0x00000003e9180000, 0x000000066b000000)
  object space 656896K, 3% used [0x00000003c1000000,0x00000003c274bb20,0x00000003e9180000)
 Metaspace       used 53161K, capacity 54348K, committed 54488K, reserved 1097728K
  class space    used 5773K, capacity 6078K, committed 6144K, reserved 1048576K
Event: 9.758 GC heap after
Heap after GC invocations=15 (full 6):
 PSYoungGen      total 564224K, used 742K [0x000000066b000000, 0x0000000690180000, 0x00000007c0000000)
  eden space 520704K, 0% used [0x000000066b000000,0x000000066b000000,0x000000068ac80000)
  from space 43520K, 1% used [0x000000068ac80000,0x000000068ad39a90,0x000000068d700000)
  to   space 43520K, 0% used [0x000000068d700000,0x000000068d700000,0x0000000690180000)
 ParOldGen       total 656896K, used 23862K [0x00000003c1000000, 0x00000003e9180000, 0x000000066b000000)
  object space 656896K, 3% used [0x00000003c1000000,0x00000003c274db20,0x00000003e9180000)
 Metaspace       used 53161K, capacity 54348K, committed 54488K, reserved 1097728K
  class space    used 5773K, capacity 6078K, committed 6144K, reserved 1048576K
}
Event: 9.758 GC heap before
{Heap before GC invocations=16 (full 7):
 PSYoungGen      total 564224K, used 742K [0x000000066b000000, 0x0000000690180000, 0x00000007c0000000)
  eden space 520704K, 0% used [0x000000066b000000,0x000000066b000000,0x000000068ac80000)
  from space 43520K, 1% used [0x000000068ac80000,0x000000068ad39a90,0x000000068d700000)
  to   space 43520K, 0% used [0x000000068d700000,0x000000068d700000,0x0000000690180000)
 ParOldGen       total 656896K, used 23862K [0x00000003c1000000, 0x00000003e9180000, 0x000000066b000000)
  object space 656896K, 3% used [0x00000003c1000000,0x00000003c274db20,0x00000003e9180000)
 Metaspace       used 53161K, capacity 54348K, committed 54488K, reserved 1097728K
  class space    used 5773K, capacity 6078K, committed 6144K, reserved 1048576K
Event: 9.812 GC heap after
Heap after GC invocations=16 (full 7):
 PSYoungGen      total 564224K, used 0K [0x000000066b000000, 0x0000000690180000, 0x00000007c0000000)
  eden space 520704K, 0% used [0x000000066b000000,0x000000066b000000,0x000000068ac80000)
  from space 43520K, 0% used [0x000000068ac80000,0x000000068ac80000,0x000000068d700000)
  to   space 43520K, 0% used [0x000000068d700000,0x000000068d700000,0x0000000690180000)
 ParOldGen       total 656896K, used 23791K [0x00000003c1000000, 0x00000003e9180000, 0x000000066b000000)
  object space 656896K, 3% used [0x00000003c1000000,0x00000003c273bcd8,0x00000003e9180000)
 Metaspace       used 53161K, capacity 54348K, committed 54488K, reserved 1097728K
  class space    used 5773K, capacity 6078K, committed 6144K, reserved 1048576K
}

Deoptimization events (10 events):
Event: 11.312 Thread 0x0000000042a18000 Uncommon trap: reason=unhandled action=none pc=0x00000000039bf95c method=java.net.URLClassLoader.findClass(Ljava/lang/String;)Ljava/lang/Class; @ 44
Event: 11.312 Thread 0x0000000042a18000 Uncommon trap: reason=unhandled action=none pc=0x00000000039bf95c method=java.net.URLClassLoader.findClass(Ljava/lang/String;)Ljava/lang/Class; @ 44
Event: 11.314 Thread 0x0000000042a18000 Uncommon trap: reason=unhandled action=none pc=0x00000000039bf95c method=java.net.URLClassLoader.findClass(Ljava/lang/String;)Ljava/lang/Class; @ 44
Event: 11.314 Thread 0x0000000042a18000 Uncommon trap: reason=unhandled action=none pc=0x00000000039bf95c method=java.net.URLClassLoader.findClass(Ljava/lang/String;)Ljava/lang/Class; @ 44
Event: 11.316 Thread 0x0000000042a18000 Uncommon trap: reason=unhandled action=none pc=0x00000000039bf95c method=java.net.URLClassLoader.findClass(Ljava/lang/String;)Ljava/lang/Class; @ 44
Event: 11.317 Thread 0x0000000042a18000 Uncommon trap: reason=unhandled action=none pc=0x00000000039bf95c method=java.net.URLClassLoader.findClass(Ljava/lang/String;)Ljava/lang/Class; @ 44
Event: 11.321 Thread 0x0000000042a18000 Uncommon trap: reason=unhandled action=none pc=0x00000000039bf95c method=java.net.URLClassLoader.findClass(Ljava/lang/String;)Ljava/lang/Class; @ 44
Event: 11.322 Thread 0x0000000042a18000 Uncommon trap: reason=unhandled action=none pc=0x00000000039bf95c method=java.net.URLClassLoader.findClass(Ljava/lang/String;)Ljava/lang/Class; @ 44
Event: 11.323 Thread 0x0000000042a18000 Uncommon trap: reason=unhandled action=none pc=0x00000000039bf95c method=java.net.URLClassLoader.findClass(Ljava/lang/String;)Ljava/lang/Class; @ 44
Event: 11.324 Thread 0x0000000042a18000 Uncommon trap: reason=unhandled action=none pc=0x00000000039bf95c method=java.net.URLClassLoader.findClass(Ljava/lang/String;)Ljava/lang/Class; @ 44

Classes redefined (0 events):
No events

Internal exceptions (10 events):
Event: 8.244 Thread 0x000000003ff7d800 Exception <a 'java/lang/ArrayIndexOutOfBoundsException': 55> (0x00000006788636c0) thrown at [C:\re\workspace\8-2-build-windows-amd64-cygwin\jdk8u181\11358\hotspot\src\share\vm\interpreter\interpreterRuntime.cpp, line 366]
Event: 8.244 Thread 0x000000003ff7d800 Exception <a 'java/lang/ArrayIndexOutOfBoundsException': 38> (0x0000000678864880) thrown at [C:\re\workspace\8-2-build-windows-amd64-cygwin\jdk8u181\11358\hotspot\src\share\vm\interpreter\interpreterRuntime.cpp, line 366]
Event: 8.244 Thread 0x000000003ff7d800 Exception <a 'java/lang/ArrayIndexOutOfBoundsException': 38> (0x0000000678865828) thrown at [C:\re\workspace\8-2-build-windows-amd64-cygwin\jdk8u181\11358\hotspot\src\share\vm\interpreter\interpreterRuntime.cpp, line 366]
Event: 8.281 Thread 0x000000003ff7d800 Exception <a 'java/lang/ArrayIndexOutOfBoundsException': 67> (0x0000000678e5dd78) thrown at [C:\re\workspace\8-2-build-windows-amd64-cygwin\jdk8u181\11358\hotspot\src\share\vm\interpreter\interpreterRuntime.cpp, line 366]
Event: 8.676 Thread 0x000000003ff7d800 Exception <a 'java/lang/IncompatibleClassChangeError': Found class java.lang.Object, but interface was expected> (0x000000066b1cc358) thrown at [C:\re\workspace\8-2-build-windows-amd64-cygwin\jdk8u181\11358\hotspot\src\share\vm\interpreter\linkResolver.cp
Event: 8.681 Thread 0x000000003ff7d800 Exception <a 'java/lang/IncompatibleClassChangeError': Found class java.lang.Object, but interface was expected> (0x000000066b1f3358) thrown at [C:\re\workspace\8-2-build-windows-amd64-cygwin\jdk8u181\11358\hotspot\src\share\vm\interpreter\linkResolver.cp
Event: 8.682 Thread 0x000000003ff7d800 Exception <a 'java/lang/NoSuchMethodError': java.lang.Object.lambda$copy$4(I)Lcom/simiacryptus/mindseye/lang/Tensor;> (0x000000066b214520) thrown at [C:\re\workspace\8-2-build-windows-amd64-cygwin\jdk8u181\11358\hotspot\src\share\vm\interpreter\linkResolv
Event: 8.683 Thread 0x000000003ff7d800 Exception <a 'java/lang/NoSuchMethodError': java.lang.Object.lambda$copy$5(I)[Lcom/simiacryptus/mindseye/lang/Tensor;> (0x000000066b218658) thrown at [C:\re\workspace\8-2-build-windows-amd64-cygwin\jdk8u181\11358\hotspot\src\share\vm\interpreter\linkResol
Event: 8.708 Thread 0x000000003ff7d800 Exception <a 'java/lang/NoSuchMethodError': java.lang.Object.lambda$run$1(Ljava/lang/Runnable;)Ljava/lang/Object;> (0x000000066d1725d0) thrown at [C:\re\workspace\8-2-build-windows-amd64-cygwin\jdk8u181\11358\hotspot\src\share\vm\interpreter\linkResolver.
Event: 9.299 Thread 0x000000003ff7d800 Implicit null exception at 0x0000000003f5f858 to 0x0000000003f5f9c5

Events (10 events):
Event: 11.324 Thread 0x0000000042a18000 DEOPT PACKING pc=0x0000000003429140 sp=0x000000000010db60
Event: 11.324 Thread 0x0000000042a18000 DEOPT UNPACKING pc=0x0000000002ad7490 sp=0x000000000010d820 mode 1
Event: 11.326 loading class java/util/function/IntUnaryOperator
Event: 11.326 loading class java/util/function/IntUnaryOperator done
Event: 11.327 loading class com/simiacryptus/mindseye/lang/cudnn/CudnnHandle
Event: 11.327 loading class com/simiacryptus/mindseye/lang/cudnn/CudnnHandle done
Event: 11.327 loading class com/simiacryptus/mindseye/lang/cudnn/CudnnHandle
Event: 11.327 loading class com/simiacryptus/mindseye/lang/cudnn/CudnnHandle done
Event: 11.328 loading class com/simiacryptus/lang/UncheckedSupplier
Event: 11.328 loading class com/simiacryptus/lang/UncheckedSupplier done


Dynamic libraries:
0x00007ff757530000 - 0x00007ff757567000 	C:\Program Files\Java\jdk1.8.0_181\bin\java.exe
0x00007ffdf61a0000 - 0x00007ffdf638d000 	C:\WINDOWS\SYSTEM32\ntdll.dll
0x00007ffdf43b0000 - 0x00007ffdf4463000 	C:\WINDOWS\System32\KERNEL32.DLL
0x00007ffdf2db0000 - 0x00007ffdf3043000 	C:\WINDOWS\System32\KERNELBASE.dll
0x00007ffdf4090000 - 0x00007ffdf4133000 	C:\WINDOWS\System32\ADVAPI32.dll
0x00007ffdf3b40000 - 0x00007ffdf3bde000 	C:\WINDOWS\System32\msvcrt.dll
0x00007ffdf49d0000 - 0x00007ffdf4a6e000 	C:\WINDOWS\System32\sechost.dll
0x00007ffdf4470000 - 0x00007ffdf4592000 	C:\WINDOWS\System32\RPCRT4.dll
0x00007ffdf3be0000 - 0x00007ffdf3d77000 	C:\WINDOWS\System32\USER32.dll
0x00007ffdf2b90000 - 0x00007ffdf2bb0000 	C:\WINDOWS\System32\win32u.dll
0x00007ffdf4a70000 - 0x00007ffdf4a99000 	C:\WINDOWS\System32\GDI32.dll
0x00007ffdf3050000 - 0x00007ffdf31ea000 	C:\WINDOWS\System32\gdi32full.dll
0x00007ffdf2270000 - 0x00007ffdf2310000 	C:\WINDOWS\System32\msvcp_win.dll
0x00007ffdf3250000 - 0x00007ffdf334a000 	C:\WINDOWS\System32\ucrtbase.dll
0x00007ffde4df0000 - 0x00007ffde5069000 	C:\WINDOWS\WinSxS\amd64_microsoft.windows.common-controls_6595b64144ccf1df_6.0.17763.379_none_05b83be8071c94a1\COMCTL32.dll
0x00007ffdf45a0000 - 0x00007ffdf48cd000 	C:\WINDOWS\System32\combase.dll
0x00007ffdf3350000 - 0x00007ffdf33ce000 	C:\WINDOWS\System32\bcryptPrimitives.dll
0x00007ffdf4940000 - 0x00007ffdf496e000 	C:\WINDOWS\System32\IMM32.DLL
0x000000005a140000 - 0x000000005a212000 	C:\Program Files\Java\jdk1.8.0_181\jre\bin\msvcr100.dll
0x0000000059890000 - 0x000000005a132000 	C:\Program Files\Java\jdk1.8.0_181\jre\bin\server\jvm.dll
0x00007ffdf6160000 - 0x00007ffdf6168000 	C:\WINDOWS\System32\PSAPI.DLL
0x00007ffdec2b0000 - 0x00007ffdec2ba000 	C:\WINDOWS\SYSTEM32\VERSION.dll
0x00007ffdeece0000 - 0x00007ffdeece9000 	C:\WINDOWS\SYSTEM32\WSOCK32.dll
0x00007ffdedec0000 - 0x00007ffdedee4000 	C:\WINDOWS\SYSTEM32\WINMM.dll
0x00007ffdf48d0000 - 0x00007ffdf493d000 	C:\WINDOWS\System32\WS2_32.dll
0x00007ffdede90000 - 0x00007ffdedebd000 	C:\WINDOWS\SYSTEM32\winmmbase.dll
0x00007ffdf2b10000 - 0x00007ffdf2b5a000 	C:\WINDOWS\System32\cfgmgr32.dll
0x0000000059880000 - 0x000000005988f000 	C:\Program Files\Java\jdk1.8.0_181\jre\bin\verify.dll
0x0000000059850000 - 0x0000000059879000 	C:\Program Files\Java\jdk1.8.0_181\jre\bin\java.dll
0x0000000059090000 - 0x00000000590c5000 	C:\Program Files\Java\jdk1.8.0_181\jre\bin\jdwp.dll
0x0000000059080000 - 0x0000000059088000 	C:\Program Files\Java\jdk1.8.0_181\jre\bin\npt.dll
0x0000000059050000 - 0x0000000059073000 	C:\Program Files\Java\jdk1.8.0_181\jre\bin\instrument.dll
0x0000000059830000 - 0x0000000059846000 	C:\Program Files\Java\jdk1.8.0_181\jre\bin\zip.dll
0x00007ffdf4aa0000 - 0x00007ffdf5f90000 	C:\WINDOWS\System32\SHELL32.dll
0x00007ffdf4140000 - 0x00007ffdf41e8000 	C:\WINDOWS\System32\shcore.dll
0x00007ffdf23c0000 - 0x00007ffdf2b0a000 	C:\WINDOWS\System32\windows.storage.dll
0x00007ffdf21a0000 - 0x00007ffdf21c4000 	C:\WINDOWS\System32\profapi.dll
0x00007ffdf2210000 - 0x00007ffdf226d000 	C:\WINDOWS\System32\powrprof.dll
0x00007ffdf3d80000 - 0x00007ffdf3dd2000 	C:\WINDOWS\System32\shlwapi.dll
0x00007ffdf21d0000 - 0x00007ffdf21e1000 	C:\WINDOWS\System32\kernel.appcore.dll
0x00007ffdf2bb0000 - 0x00007ffdf2bc7000 	C:\WINDOWS\System32\cryptsp.dll
0x0000000059040000 - 0x0000000059049000 	C:\Program Files\Java\jdk1.8.0_181\jre\bin\dt_socket.dll
0x00007ffdf1a20000 - 0x00007ffdf1a87000 	C:\WINDOWS\system32\mswsock.dll
0x0000000059810000 - 0x000000005982a000 	C:\Program Files\Java\jdk1.8.0_181\jre\bin\net.dll
0x00000000597f0000 - 0x0000000059801000 	C:\Program Files\Java\jdk1.8.0_181\jre\bin\nio.dll
0x00007ffdf15e0000 - 0x00007ffdf1613000 	C:\WINDOWS\system32\rsaenh.dll
0x00007ffdf2b60000 - 0x00007ffdf2b86000 	C:\WINDOWS\System32\bcrypt.dll
0x00007ffdf20d0000 - 0x00007ffdf20f8000 	C:\WINDOWS\SYSTEM32\USERENV.dll
0x00007ffdf1bf0000 - 0x00007ffdf1bfc000 	C:\WINDOWS\SYSTEM32\CRYPTBASE.dll
0x00007ffdf1780000 - 0x00007ffdf17bd000 	C:\WINDOWS\SYSTEM32\IPHLPAPI.DLL
0x00007ffdf34a0000 - 0x00007ffdf34a8000 	C:\WINDOWS\System32\NSI.dll
0x00007ffdec290000 - 0x00007ffdec2a6000 	C:\WINDOWS\SYSTEM32\dhcpcsvc6.DLL
0x00007ffdec190000 - 0x00007ffdec1ac000 	C:\WINDOWS\SYSTEM32\dhcpcsvc.DLL
0x00007ffdf17c0000 - 0x00007ffdf1886000 	C:\WINDOWS\SYSTEM32\DNSAPI.dll
0x0000000054500000 - 0x0000000054699000 	C:\Program Files\Java\jdk1.8.0_181\jre\bin\awt.dll
0x00007ffdf3de0000 - 0x00007ffdf3eab000 	C:\WINDOWS\System32\OLEAUT32.dll
0x00007ffdf0190000 - 0x00007ffdf021c000 	C:\WINDOWS\SYSTEM32\apphelp.dll
0x00007ffdf02c0000 - 0x00007ffdf035c000 	C:\WINDOWS\system32\uxtheme.dll
0x00007ffdf5f90000 - 0x00007ffdf60fa000 	C:\WINDOWS\System32\MSCTF.dll
0x00007ffdf05c0000 - 0x00007ffdf05ee000 	C:\WINDOWS\system32\dwmapi.dll
0x00007ffdf2bd0000 - 0x00007ffdf2dab000 	C:\WINDOWS\System32\CRYPT32.dll
0x00007ffdf21f0000 - 0x00007ffdf2202000 	C:\WINDOWS\System32\MSASN1.dll
0x00007ffdf3f30000 - 0x00007ffdf4085000 	C:\WINDOWS\System32\ole32.dll
0x00007ffdf0ba0000 - 0x00007ffdf0d48000 	C:\WINDOWS\SYSTEM32\PROPSYS.dll
0x00007ffde3bc0000 - 0x00007ffde3d96000 	C:\WINDOWS\SYSTEM32\urlmon.dll
0x00007ffde3910000 - 0x00007ffde3bb8000 	C:\WINDOWS\SYSTEM32\iertutil.dll
0x0000000059030000 - 0x000000005903d000 	C:\Program Files\Java\jdk1.8.0_181\jre\bin\management.dll
0x00007ffdf33d0000 - 0x00007ffdf3472000 	C:\WINDOWS\System32\clbcatq.dll
0x00007ffdd8690000 - 0x00007ffdd86ac000 	C:\Windows\System32\Windows.Shell.ServiceHostBuilder.dll
0x00007ffdeac60000 - 0x00007ffdeb39c000 	C:\Windows\System32\OneCoreUAPCommonProxyStub.dll
0x00007ffdd8c10000 - 0x00007ffdd8d38000 	C:\Windows\System32\Windows.StateRepositoryPS.dll
0x00007ffdd1850000 - 0x00007ffdd1895000 	C:\WINDOWS\SYSTEM32\edputil.dll
0x00007ffddebd0000 - 0x00007ffddebdc000 	C:\WINDOWS\SYSTEM32\Secur32.dll
0x00007ffdf20a0000 - 0x00007ffdf20cf000 	C:\WINDOWS\SYSTEM32\SSPICLI.DLL
0x00007ffdde9f0000 - 0x00007ffddea31000 	C:\WINDOWS\SYSTEM32\MLANG.dll
0x00007ffddab00000 - 0x00007ffddafe1000 	C:\WINDOWS\SYSTEM32\WININET.dll
0x00007ffdc85d0000 - 0x00007ffdc8615000 	C:\Windows\System32\Windows.UI.AppDefaults.dll
0x00007ffdf1c80000 - 0x00007ffdf1ca5000 	C:\Windows\System32\Wldp.dll
0x00007ffdf31f0000 - 0x00007ffdf3249000 	C:\WINDOWS\System32\WINTRUST.dll
0x00007ffdee9c0000 - 0x00007ffdeea40000 	C:\WINDOWS\SYSTEM32\policymanager.dll
0x00007ffdee830000 - 0x00007ffdee8ba000 	C:\WINDOWS\SYSTEM32\msvcp110_win.dll
0x00007ffdee530000 - 0x00007ffdee683000 	C:\Windows\System32\wintypes.dll
0x0000000058ff0000 - 0x000000005902e000 	C:\Program Files\Java\jdk1.8.0_181\jre\bin\lcms.dll
0x00007ffd5b700000 - 0x00007ffd6004f000 	C:\Users\andre\AppData\Local\Temp\tensorflow_native_libraries-1553447901267-0\tensorflow_jni.dll
0x00007ffdde7b0000 - 0x00007ffdde84f000 	C:\WINDOWS\SYSTEM32\MSVCP140.dll
0x00007ffdde850000 - 0x00007ffdde866000 	C:\WINDOWS\SYSTEM32\VCRUNTIME140.dll
0x00007ffdc84b0000 - 0x00007ffdc851f000 	C:\Users\andre\AppData\Local\Temp\JCudaRuntime-10.0.0-windows-x86_64.dll
0x00007ffdf36c0000 - 0x00007ffdf3b35000 	C:\WINDOWS\System32\Setupapi.dll
0x00007ffdf1fb0000 - 0x00007ffdf1fd9000 	C:\WINDOWS\SYSTEM32\DEVOBJ.dll
0x00007ffd5a3f0000 - 0x00007ffd5b6f2000 	C:\WINDOWS\system32\nvcuda.dll
0x00007ffdc7330000 - 0x00007ffdc7453000 	C:\WINDOWS\SYSTEM32\nvfatbinaryLoader.dll
0x00007ffde55a0000 - 0x00007ffde5aa2000 	C:\WINDOWS\system32\nvapi64.dll
0x00007ffdf0ee0000 - 0x00007ffdf0fa2000 	C:\WINDOWS\SYSTEM32\dxgi.dll
0x00007ffdc5de0000 - 0x00007ffdc5e41000 	C:\Users\andre\AppData\Local\Temp\JCudnn-10.0.0-windows-x86_64.dll
0x00007ffd45c60000 - 0x00007ffd5a3ed000 	C:\WINDOWS\SYSTEM32\cudnn64_7.dll
0x00007ffdded00000 - 0x00007ffddeeed000 	C:\WINDOWS\SYSTEM32\dbghelp.dll

VM Arguments:
jvm_args: -agentlib:jdwp=transport=dt_socket,address=127.0.0.1:53117,suspend=y,server=n -ea -Didea.test.cyclic.buffer.size=104857600 -javaagent:C:\Users\andre\.IdeaIC2018.1\system\captureAgent\debugger-agent.jar=file:/C:/Users/andre/AppData/Local/Temp/capture.props -Dfile.encoding=UTF-8 
java_command: com.intellij.rt.execution.junit.JUnitStarter -ideVersion5 -junit4 com.simiacryptus.mindseye.layers.tensorflow.MaxPoolLayerTest$Test0
java_class_path (initial): C:\Users\andre\AppData\Local\Temp\classpath224623902.jar;C:\Users\andre\.IdeaIC2018.1\system\captureAgent\debugger-agent.jar
Launcher Type: SUN_STANDARD

Environment Variables:
PATH=C:\Program Files\NVIDIA GPU Computing Toolkit\CUDA\v10.0\bin;C:\Program Files\NVIDIA GPU Computing Toolkit\CUDA\v10.0\libnvvp;C:\Program Files (x86)\Common Files\Oracle\Java\javapath;C:\Program Files\NVIDIA GPU Computing Toolkit\CUDA\v9.1\bin;C:\Program Files\NVIDIA GPU Computing Toolkit\CUDA\v9.1\libnvvp;C:\Program Files\Oculus\Support\oculus-runtime;C:\ProgramData\Oracle\Java\javapath;C:\Program Files\NVIDIA GPU Computing Toolkit\CUDA\v8.0\bin;C:\Program Files\NVIDIA GPU Computing Toolkit\CUDA\v8.0\libnvvp;C:\WINDOWS\system32;C:\WINDOWS;C:\WINDOWS\System32\Wbem;C:\WINDOWS\System32\WindowsPowerShell\v1.0\;C:\Program Files (x86)\NVIDIA Corporation\PhysX\Common;D:\Program Files\Git\cmd;D:\Program Files\PuTTY\;C:\Program Files\CMake\bin;C:\Program Files\Microsoft SQL Server\130\Tools\Binn\;C:\Program Files\dotnet\;C:\Users\andre\.dnx\bin;C:\Program Files\Microsoft DNX\Dnvm\;C:\Program Files\Microsoft SQL Server\120\Tools\Binn\;C:\WINDOWS\SysWOW64\WindowsPowerShell\v1.0\Modules\TShell\TShell\;C:\Program Files\Git LFS;C:\Program Files\Amazon\AWSCLI\;C:\WINDOWS\system32;C:\WINDOWS;C:\WINDOWS\System32\Wbem;C:\WINDOWS\System32\WindowsPowerShell\v1.0\;C:\WINDOWS\System32\OpenSSH\;C:\Program Files\NVIDIA Corporation\NVIDIA NvDLISR;C:\Program Files\PuTTY\;C:\Users\andre\AppData\Local\Microsoft\WindowsApps;C:\Users\andre\AppData\Local\GitHubDesktop\bin;%USERPROFILE%\AppData\Local\Microsoft\WindowsApps;
USERNAME=andre
OS=Windows_NT
PROCESSOR_IDENTIFIER=AMD64 Family 23 Model 1 Stepping 1, AuthenticAMD



---------------  S Y S T E M  ---------------

OS: Windows 10.0 , 64 bit Build 17763 (10.0.17763.379)

CPU:total 12 (initial active 12) (12 cores per cpu, 1 threads per core) family 23 model 1 stepping 1, cmov, cx8, fxsr, mmx, sse, sse2, sse3, ssse3, sse4.1, sse4.2, popcnt, avx, avx2, aes, clmul, mmxext, 3dnowpref, lzcnt, sse4a, tsc, tscinvbit, tscinv, bmi1

Memory: 4k page, physical 67039432k(51736032k free), swap 77000904k(51485320k free)

vm_info: Java HotSpot(TM) 64-Bit Server VM (25.181-b13) for windows-amd64 JRE (1.8.0_181-b13), built on Jul  7 2018 04:01:33 by "java_re" with MS VC++ 10.0 (VS2010)

time: Sun Mar 24 10:18:26 2019
elapsed time: 11 seconds (0d 0h 0m 11s)

