#
# A fatal error has been detected by the Java Runtime Environment:
#
#  EXCEPTION_ACCESS_VIOLATION (0xc0000005) at pc=0x00007ffd46641f5c, pid=15984, tid=0x000000000000020c
#
# JRE version: Java(TM) SE Runtime Environment (8.0_181-b13) (build 1.8.0_181-b13)
# Java VM: Java HotSpot(TM) 64-Bit Server VM (25.181-b13 mixed mode windows-amd64 compressed oops)
# Problematic frame:
# C  [cudnn64_7.dll+0x9e1f5c]
#
# Failed to write core dump. Minidumps are not enabled by default on client versions of Windows
#
# If you would like to submit a bug report, please visit:
#   http://bugreport.java.com/bugreport/crash.jsp
# The crash happened outside the Java Virtual Machine in native code.
# See problematic frame for where to report the bug.
#

---------------  T H R E A D  ---------------

Current thread (0x00000000429cc000):  JavaThread "CudnnHandle{0; null}@1ccb85" [_thread_in_native, id=524, stack(0x0000000000010000,0x0000000000110000)]

siginfo: ExceptionCode=0xc0000005, reading address 0x000000190200e200

Registers:
RAX=0x0000000000000000, RBX=0x000000000010cb38, RCX=0x000000004cc65210, RDX=0x000000000010c9f0
RSP=0x000000000010ca80, RBP=0x000000000010caf0, RSI=0x000000190200e000, RDI=0x000000190200e200
R8 =0x000000000010c9e0, R9 =0x0000000000000000, R10=0x0000000000000001, R11=0x000000000010ca60
R12=0x0000000000000000, R13=0x0000000049d56c78, R14=0x000000190200e200, R15=0x00000000429cc000
RIP=0x00007ffd46641f5c, EFLAGS=0x0000000000010246

Top of Stack: (sp=0x000000000010ca80)
0x000000000010ca80:   0000000049c57ae8 000000004cc64fd0
0x000000000010ca90:   000000000010cb38 000000000010caf0
0x000000000010caa0:   0000001000000010 0000000000000001
0x000000000010cab0:   0000000100000001 0000000000000001
0x000000000010cac0:   0000000049c07db8 0000000049d7c7b8
0x000000000010cad0:   0000000045a43ee0 0000000002891784
0x000000000010cae0:   0000000059abc6a0 00007ffd46641e6d
0x000000000010caf0:   000000000010cc00 00007ffd45c6850b
0x000000000010cb00:   000000008b8fe2a0 000000190200e000
0x000000000010cb10:   000000004b2bae30 0000000749d12798
0x000000000010cb20:   0000000049d12798 0000000049d0e418
0x000000000010cb30:   0000000049d81a80 0000000000000001
0x000000000010cb40:   0000000100000001 0000000600000006
0x000000000010cb50:   0000002400000024 0000000100000006
0x000000000010cb60:   0000000349d6a688 0000000749d12778
0x000000000010cb70:   0000000049d7cd50 0000000049d7c310 

Instructions: (pc=0x00007ffd46641f5c)
0x00007ffd46641f3c:   00 c7 45 c8 01 00 00 00 48 89 45 c0 e8 53 0b 2c
0x00007ffd46641f4c:   00 85 c0 0f 85 14 01 00 00 0f 10 03 0f 10 4b 10
0x00007ffd46641f5c:   f2 0f 10 17 48 8d 4d d0 48 8b d6 0f 29 45 d0 0f
0x00007ffd46641f6c:   29 4d e0 f2 0f 10 43 20 f2 0f 11 45 f0 e8 62 b1 


Register to memory mapping:

RAX=0x0000000000000000 is an unknown value
RBX=0x000000000010cb38 is pointing into the stack for thread: 0x00000000429cc000
RCX=0x000000004cc65210 is an unknown value
RDX=0x000000000010c9f0 is pointing into the stack for thread: 0x00000000429cc000
RSP=0x000000000010ca80 is pointing into the stack for thread: 0x00000000429cc000
RBP=0x000000000010caf0 is pointing into the stack for thread: 0x00000000429cc000
RSI=0x000000190200e000 is an unknown value
RDI=0x000000190200e200 is an unknown value
R8 =0x000000000010c9e0 is pointing into the stack for thread: 0x00000000429cc000
R9 =0x0000000000000000 is an unknown value
R10=0x0000000000000001 is an unknown value
R11=0x000000000010ca60 is pointing into the stack for thread: 0x00000000429cc000
R12=0x0000000000000000 is an unknown value
R13={method} {0x0000000049d56c80} 'cudnnSetTensorNative' '(Ljcuda/jcudnn/cudnnHandle;Ljcuda/jcudnn/cudnnTensorDescriptor;Ljcuda/Pointer;Ljcuda/Pointer;)I' in 'jcuda/jcudnn/JCudnn'
R14=0x000000190200e200 is an unknown value
R15=0x00000000429cc000 is a thread


Stack: [0x0000000000010000,0x0000000000110000],  sp=0x000000000010ca80,  free space=1010k
Native frames: (J=compiled Java code, j=interpreted, Vv=VM code, C=native code)
C  [cudnn64_7.dll+0x9e1f5c]
C  [cudnn64_7.dll+0x850b]
C  [JCudnn-10.0.0-windows-x86_64.dll+0x19550]
C  0x00000000028917b0

Java frames: (J=compiled Java code, j=interpreted, Vv=VM code)
j  jcuda.jcudnn.JCudnn.cudnnSetTensorNative(Ljcuda/jcudnn/cudnnHandle;Ljcuda/jcudnn/cudnnTensorDescriptor;Ljcuda/Pointer;Ljcuda/Pointer;)I+0
j  jcuda.jcudnn.JCudnn.cudnnSetTensor(Ljcuda/jcudnn/cudnnHandle;Ljcuda/jcudnn/cudnnTensorDescriptor;Ljcuda/Pointer;Ljcuda/Pointer;)I+4
j  com.simiacryptus.mindseye.lang.cudnn.CudnnHandle.cudnnSetTensor(Ljcuda/jcudnn/cudnnTensorDescriptor;Lcom/simiacryptus/mindseye/lang/cudnn/CudaPointer;Lcom/simiacryptus/mindseye/lang/cudnn/CudaPointer;)I+36
j  com.simiacryptus.mindseye.layers.cudnn.ImgCropLayer.copy(Lcom/simiacryptus/mindseye/lang/cudnn/CudnnHandle;Lcom/simiacryptus/mindseye/lang/cudnn/CudaTensor;I[I[IZLcom/simiacryptus/mindseye/lang/cudnn/Precision;)Lcom/simiacryptus/mindseye/lang/cudnn/CudaTensor;+684
j  com.simiacryptus.mindseye.layers.cudnn.ImgCropLayer.lambda$evalAndFree$1(Lcom/simiacryptus/mindseye/lang/TensorList;[I[IILcom/simiacryptus/mindseye/lang/cudnn/CudnnHandle;)Lcom/simiacryptus/mindseye/lang/cudnn/CudaTensorList;+122
j  com.simiacryptus.mindseye.layers.cudnn.ImgCropLayer$$Lambda$358.apply(Ljava/lang/Object;)Ljava/lang/Object;+24
j  com.simiacryptus.mindseye.lang.cudnn.CudaSystem.lambda$null$18(Ljava/util/function/Function;Lcom/simiacryptus/mindseye/lang/cudnn/CudnnHandle;)Ljava/lang/Object;+2
j  com.simiacryptus.mindseye.lang.cudnn.CudaSystem$$Lambda$369.get()Ljava/lang/Object;+8
j  com.simiacryptus.mindseye.lang.cudnn.CudnnHandle.lambda$null$2(Ljava/util/function/Supplier;)Ljava/lang/Object;+36
j  com.simiacryptus.mindseye.lang.cudnn.CudnnHandle$$Lambda$371.call()Ljava/lang/Object;+8
j  java.util.concurrent.FutureTask.run$$$capture()V+42
j  java.util.concurrent.FutureTask.run()V+5
j  java.util.concurrent.ThreadPoolExecutor.runWorker(Ljava/util/concurrent/ThreadPoolExecutor$Worker;)V+95
j  java.util.concurrent.ThreadPoolExecutor$Worker.run()V+5
j  java.lang.Thread.run()V+11
v  ~StubRoutines::call_stub

---------------  P R O C E S S  ---------------

Java Threads: ( => current thread )
=>0x00000000429cc000 JavaThread "CudnnHandle{0; null}@1ccb85" [_thread_in_native, id=524, stack(0x0000000000010000,0x0000000000110000)]
  0x00000000429c8800 JavaThread "ForkJoinPool.commonPool-worker-5" daemon [_thread_blocked, id=20180, stack(0x000000006a220000,0x000000006a320000)]
  0x00000000429ca800 JavaThread "ForkJoinPool.commonPool-worker-62" daemon [_thread_blocked, id=2468, stack(0x000000006a120000,0x000000006a220000)]
  0x00000000429c6000 JavaThread "ForkJoinPool.commonPool-worker-41" daemon [_thread_blocked, id=9248, stack(0x000000006a020000,0x000000006a120000)]
  0x00000000429c4800 JavaThread "ForkJoinPool.commonPool-worker-34" daemon [_thread_blocked, id=21900, stack(0x0000000069f20000,0x000000006a020000)]
  0x00000000429c5800 JavaThread "ForkJoinPool.commonPool-worker-20" daemon [_thread_blocked, id=19700, stack(0x0000000069e20000,0x0000000069f20000)]
  0x0000000044e87800 JavaThread "ForkJoinPool.commonPool-worker-13" daemon [_thread_blocked, id=10496, stack(0x0000000069d20000,0x0000000069e20000)]
  0x0000000044e88800 JavaThread "ForkJoinPool.commonPool-worker-56" daemon [_thread_blocked, id=3384, stack(0x0000000069c20000,0x0000000069d20000)]
  0x0000000044e87000 JavaThread "ForkJoinPool.commonPool-worker-49" daemon [_thread_blocked, id=15144, stack(0x0000000069b20000,0x0000000069c20000)]
  0x0000000044e7f800 JavaThread "ForkJoinPool.commonPool-worker-35" daemon [_thread_blocked, id=22264, stack(0x0000000069a20000,0x0000000069b20000)]
  0x0000000044e86000 JavaThread "ForkJoinPool.commonPool-worker-28" daemon [_thread_blocked, id=17944, stack(0x0000000069920000,0x0000000069a20000)]
  0x0000000044e85800 JavaThread "ForkJoinPool.commonPool-worker-21" daemon [_thread_blocked, id=15208, stack(0x0000000069820000,0x0000000069920000)]
  0x0000000044e84800 JavaThread "ForkJoinPool.commonPool-worker-14" daemon [_thread_blocked, id=4596, stack(0x0000000069720000,0x0000000069820000)]
  0x0000000044e84000 JavaThread "ForkJoinPool.commonPool-worker-7" daemon [_thread_blocked, id=1568, stack(0x0000000069620000,0x0000000069720000)]
  0x0000000044e83000 JavaThread "ForkJoinPool.commonPool-worker-32" daemon [_thread_blocked, id=7292, stack(0x0000000069520000,0x0000000069620000)]
  0x0000000044e7e800 JavaThread "ForkJoinPool.commonPool-worker-0" daemon [_thread_blocked, id=17120, stack(0x0000000069420000,0x0000000069520000)]
  0x0000000044e82800 JavaThread "ForkJoinPool.commonPool-worker-46" daemon [_thread_blocked, id=856, stack(0x0000000069320000,0x0000000069420000)]
  0x0000000044e81000 JavaThread "ForkJoinPool.commonPool-worker-18" daemon [_thread_blocked, id=11140, stack(0x0000000069220000,0x0000000069320000)]
  0x0000000044e7e000 JavaThread "ForkJoinPool.commonPool-worker-42" daemon [_thread_blocked, id=15076, stack(0x0000000069120000,0x0000000069220000)]
  0x0000000044e81800 JavaThread "ForkJoinPool.commonPool-worker-4" daemon [_thread_blocked, id=21832, stack(0x0000000069020000,0x0000000069120000)]
  0x0000000044e80000 JavaThread "ForkJoinPool.commonPool-worker-61" daemon [_thread_blocked, id=22744, stack(0x0000000068f20000,0x0000000069020000)]
  0x0000000044e79800 JavaThread "ForkJoinPool.commonPool-worker-54" daemon [_thread_blocked, id=22832, stack(0x0000000068e20000,0x0000000068f20000)]
  0x0000000044e7c800 JavaThread "ForkJoinPool.commonPool-worker-63" daemon [_thread_blocked, id=11052, stack(0x0000000068d20000,0x0000000068e20000)]
  0x0000000044e7d000 JavaThread "ForkJoinPool.commonPool-worker-6" daemon [_thread_blocked, id=19088, stack(0x0000000068c20000,0x0000000068d20000)]
  0x0000000044e7b800 JavaThread "ForkJoinPool.commonPool-worker-27" daemon [_thread_blocked, id=9924, stack(0x0000000068b20000,0x0000000068c20000)]
  0x0000000044e7b000 JavaThread "ForkJoinPool.commonPool-worker-33" daemon [_thread_blocked, id=20512, stack(0x0000000068a20000,0x0000000068b20000)]
  0x0000000044e7a000 JavaThread "ForkJoinPool.commonPool-worker-48" daemon [_thread_blocked, id=18772, stack(0x0000000068920000,0x0000000068a20000)]
  0x0000000044f21800 JavaThread "ForkJoinPool.commonPool-worker-55" daemon [_thread_blocked, id=4244, stack(0x0000000068820000,0x0000000068920000)]
  0x0000000044f28800 JavaThread "ForkJoinPool.commonPool-worker-19" daemon [_thread_blocked, id=8420, stack(0x0000000068720000,0x0000000068820000)]
  0x0000000044f27800 JavaThread "ForkJoinPool.commonPool-worker-12" daemon [_thread_blocked, id=1772, stack(0x0000000068620000,0x0000000068720000)]
  0x0000000044f27000 JavaThread "ForkJoinPool.commonPool-worker-26" daemon [_thread_blocked, id=6716, stack(0x0000000068520000,0x0000000068620000)]
  0x0000000044f25800 JavaThread "ForkJoinPool.commonPool-worker-40" daemon [_thread_blocked, id=16716, stack(0x0000000068420000,0x0000000068520000)]
  0x0000000044f24000 JavaThread "ForkJoinPool.commonPool-worker-47" daemon [_thread_blocked, id=8216, stack(0x0000000068320000,0x0000000068420000)]
  0x0000000044f20000 JavaThread "ForkJoinPool.commonPool-worker-11" daemon [_thread_blocked, id=22148, stack(0x0000000068220000,0x0000000068320000)]
  0x0000000044f22800 JavaThread "ForkJoinPool.commonPool-worker-25" daemon [_thread_blocked, id=1312, stack(0x0000000068120000,0x0000000068220000)]
  0x0000000044f24800 JavaThread "ForkJoinPool.commonPool-worker-39" daemon [_thread_blocked, id=18892, stack(0x0000000068020000,0x0000000068120000)]
  0x0000000044f26000 JavaThread "ForkJoinPool.commonPool-worker-53" daemon [_thread_blocked, id=23308, stack(0x0000000055da0000,0x0000000055ea0000)]
  0x0000000044f1a000 JavaThread "ForkJoinPool.commonPool-worker-60" daemon [_thread_blocked, id=7836, stack(0x00000000555a0000,0x00000000556a0000)]
  0x0000000044f1c800 JavaThread "ForkJoinPool.commonPool-worker-3" daemon [_thread_blocked, id=23136, stack(0x000000004feb0000,0x000000004ffb0000)]
  0x0000000044f23000 JavaThread "ForkJoinPool.commonPool-worker-10" daemon [_thread_blocked, id=18932, stack(0x000000004fdb0000,0x000000004feb0000)]
  0x0000000044f1e000 JavaThread "ForkJoinPool.commonPool-worker-17" daemon [_thread_blocked, id=16232, stack(0x000000004e0b0000,0x000000004e1b0000)]
  0x0000000044f1b800 JavaThread "ForkJoinPool.commonPool-worker-24" daemon [_thread_blocked, id=23052, stack(0x000000004dfb0000,0x000000004e0b0000)]
  0x0000000044f21000 JavaThread "ForkJoinPool.commonPool-worker-31" daemon [_thread_blocked, id=9568, stack(0x000000004d7b0000,0x000000004d8b0000)]
  0x0000000044f19800 JavaThread "ForkJoinPool.commonPool-worker-38" daemon [_thread_blocked, id=14556, stack(0x000000004cfb0000,0x000000004d0b0000)]
  0x0000000044f1d000 JavaThread "ForkJoinPool.commonPool-worker-45" daemon [_thread_blocked, id=3828, stack(0x000000004c7b0000,0x000000004c8b0000)]
  0x0000000044f1b000 JavaThread "ForkJoinPool.commonPool-worker-37" daemon [_thread_blocked, id=19372, stack(0x000000004c6b0000,0x000000004c7b0000)]
  0x0000000044f1f800 JavaThread "ForkJoinPool.commonPool-worker-23" daemon [_thread_blocked, id=14380, stack(0x000000004c5b0000,0x000000004c6b0000)]
  0x0000000044f1e800 JavaThread "ForkJoinPool.commonPool-worker-16" daemon [_thread_blocked, id=18012, stack(0x000000004c4b0000,0x000000004c5b0000)]
  0x0000000042cf2000 JavaThread "ForkJoinPool.commonPool-worker-9" daemon [_thread_blocked, id=2800, stack(0x000000004c3b0000,0x000000004c4b0000)]
  0x0000000042ced000 JavaThread "ForkJoinPool.commonPool-worker-2" daemon [_thread_blocked, id=16800, stack(0x000000004c2b0000,0x000000004c3b0000)]
  0x0000000042cf0800 JavaThread "ForkJoinPool.commonPool-worker-59" daemon [_thread_blocked, id=6040, stack(0x000000004c1b0000,0x000000004c2b0000)]
  0x0000000042cef000 JavaThread "ForkJoinPool.commonPool-worker-52" daemon [_thread_blocked, id=22440, stack(0x000000004c0b0000,0x000000004c1b0000)]
  0x0000000042cee800 JavaThread "ForkJoinPool.commonPool-worker-30" daemon [_thread_blocked, id=19440, stack(0x000000004bfb0000,0x000000004c0b0000)]
  0x0000000042cf1800 JavaThread "ForkJoinPool.commonPool-worker-44" daemon [_thread_blocked, id=432, stack(0x000000004acb0000,0x000000004adb0000)]
  0x0000000042cf0000 JavaThread "ForkJoinPool.commonPool-worker-51" daemon [_thread_blocked, id=18192, stack(0x000000004abb0000,0x000000004acb0000)]
  0x0000000042ced800 JavaThread "ForkJoinPool.commonPool-worker-58" daemon [_thread_blocked, id=4588, stack(0x000000004aab0000,0x000000004abb0000)]
  0x0000000042ceb800 JavaThread "ForkJoinPool.commonPool-worker-1" daemon [_thread_blocked, id=16988, stack(0x000000004a9b0000,0x000000004aab0000)]
  0x0000000042cec000 JavaThread "ForkJoinPool.commonPool-worker-15" daemon [_thread_blocked, id=23420, stack(0x000000004a8b0000,0x000000004a9b0000)]
  0x000000003fa61000 JavaThread "ForkJoinPool.commonPool-worker-8" daemon [_thread_blocked, id=11556, stack(0x000000004a7b0000,0x000000004a8b0000)]
  0x000000003fa67000 JavaThread "ForkJoinPool.commonPool-worker-22" daemon [_thread_blocked, id=7964, stack(0x000000004a6b0000,0x000000004a7b0000)]
  0x000000003fa64000 JavaThread "ForkJoinPool.commonPool-worker-29" daemon [_thread_blocked, id=2200, stack(0x000000004a5b0000,0x000000004a6b0000)]
  0x000000003fa63800 JavaThread "ForkJoinPool.commonPool-worker-36" daemon [_thread_blocked, id=388, stack(0x000000004a4b0000,0x000000004a5b0000)]
  0x000000003fa62800 JavaThread "ForkJoinPool.commonPool-worker-43" daemon [_thread_blocked, id=5580, stack(0x000000004a3b0000,0x000000004a4b0000)]
  0x000000003fa68000 JavaThread "ForkJoinPool.commonPool-worker-50" daemon [_thread_blocked, id=17392, stack(0x000000004a2b0000,0x000000004a3b0000)]
  0x000000003fa65000 JavaThread "ForkJoinPool.commonPool-worker-57" daemon [_thread_blocked, id=22436, stack(0x000000004a1b0000,0x000000004a2b0000)]
  0x000000003fa66800 JavaThread "pool-4-thread-1" daemon [_thread_blocked, id=5968, stack(0x0000000049ab0000,0x0000000049bb0000)]
  0x000000003fa62000 JavaThread "NanoHttpd Request Processor (#2)" daemon [_thread_in_native, id=22000, stack(0x00000000466b0000,0x00000000467b0000)]
  0x000000003fa65800 JavaThread "NanoHttpd Request Processor (#1)" daemon [_thread_in_native, id=22464, stack(0x00000000465b0000,0x00000000466b0000)]
  0x00000000428b7800 JavaThread "AWT-Windows" daemon [_thread_in_native, id=20888, stack(0x0000000045c60000,0x0000000045d60000)]
  0x000000003f7d5000 JavaThread "Java2D Disposer" daemon [_thread_blocked, id=16580, stack(0x0000000044630000,0x0000000044730000)]
  0x000000004220f000 JavaThread "NanoHttpd Main Listener" daemon [_thread_in_native, id=13116, stack(0x0000000043a50000,0x0000000043b50000)]
  0x000000003f328000 JavaThread "Time-limited test" daemon [_thread_blocked, id=10888, stack(0x0000000040550000,0x0000000040650000)]
  0x000000003dcfd000 JavaThread "pool-2-thread-1" daemon [_thread_blocked, id=18872, stack(0x000000003ed50000,0x000000003ee50000)]
  0x000000003bae6000 JavaThread "Service Thread" daemon [_thread_blocked, id=21304, stack(0x000000003c270000,0x000000003c370000)]
  0x000000003baec800 JavaThread "C1 CompilerThread3" daemon [_thread_blocked, id=6920, stack(0x000000003c170000,0x000000003c270000)]
  0x000000003baeb800 JavaThread "C2 CompilerThread2" daemon [_thread_blocked, id=18416, stack(0x000000003c070000,0x000000003c170000)]
  0x000000003b980000 JavaThread "C2 CompilerThread1" daemon [_thread_blocked, id=1972, stack(0x000000003bf70000,0x000000003c070000)]
  0x000000003b97f000 JavaThread "C2 CompilerThread0" daemon [_thread_blocked, id=10004, stack(0x000000003be70000,0x000000003bf70000)]
  0x0000000039d2b800 JavaThread "JDWP Command Reader" daemon [_thread_in_native, id=11296, stack(0x000000003b570000,0x000000003b670000)]
  0x0000000039d27000 JavaThread "JDWP Event Helper Thread" daemon [_thread_blocked, id=22768, stack(0x000000003b470000,0x000000003b570000)]
  0x0000000038638000 JavaThread "JDWP Transport Listener: dt_socket" daemon [_thread_blocked, id=18248, stack(0x000000003b370000,0x000000003b470000)]
  0x0000000039d13000 JavaThread "Attach Listener" daemon [_thread_blocked, id=12224, stack(0x000000003b270000,0x000000003b370000)]
  0x0000000039d20000 JavaThread "Signal Dispatcher" daemon [_thread_blocked, id=11048, stack(0x000000003b170000,0x000000003b270000)]
  0x000000000286d000 JavaThread "Finalizer" daemon [_thread_blocked, id=448, stack(0x000000003af70000,0x000000003b070000)]
  0x000000000286c000 JavaThread "Reference Handler" daemon [_thread_blocked, id=17016, stack(0x000000003ae70000,0x000000003af70000)]
  0x0000000002773800 JavaThread "main" [_thread_blocked, id=20676, stack(0x00000000024c0000,0x00000000025c0000)]

Other Threads:
  0x0000000002869800 VMThread [stack: 0x000000003ad70000,0x000000003ae70000] [id=20660]
  0x000000003bc2c000 WatcherThread [stack: 0x000000003c370000,0x000000003c470000] [id=10988]

VM state:not at safepoint (normal execution)

VM Mutex/Monitor currently owned by a thread: None

Heap:
 PSYoungGen      total 559104K, used 50941K [0x000000066b000000, 0x000000068fc80000, 0x00000007c0000000)
  eden space 515584K, 9% used [0x000000066b000000,0x000000066e1bf510,0x000000068a780000)
  from space 43520K, 0% used [0x000000068a780000,0x000000068a780000,0x000000068d200000)
  to   space 43520K, 0% used [0x000000068d200000,0x000000068d200000,0x000000068fc80000)
 ParOldGen       total 660992K, used 23803K [0x00000003c1000000, 0x00000003e9580000, 0x000000066b000000)
  object space 660992K, 3% used [0x00000003c1000000,0x00000003c273ef60,0x00000003e9580000)
 Metaspace       used 53934K, capacity 55286K, committed 55384K, reserved 1097728K
  class space    used 5877K, capacity 6225K, committed 6272K, reserved 1048576K

Card table byte_map: [0x0000000011c30000,0x0000000013c30000] byte_map_base: 0x000000000fe28000

Marking Bits: (ParMarkBitMap*) 0x000000005a0b2d00
 Begin Bits: [0x0000000015b80000, 0x0000000025b40000)
 End Bits:   [0x0000000025b40000, 0x0000000035b00000)

Polling page: 0x00000000006e0000

CodeCache: size=245760Kb used=23880Kb max_used=23892Kb free=221879Kb
 bounds [0x0000000002870000, 0x0000000003fe0000, 0x0000000011870000]
 total_blobs=7794 nmethods=7073 adapters=641
 compilation: enabled

Compilation events (10 events):
Event: 11.434 Thread 0x000000003baec800 nmethod 8311 0x0000000003fcc750 code [0x0000000003fccac0, 0x0000000003fcf458]
Event: 11.434 Thread 0x000000003baec800 8315       3       java.lang.invoke.InvokerBytecodeGenerator::emitStoreResult (27 bytes)
Event: 11.434 Thread 0x000000003baec800 nmethod 8315 0x0000000003fd0b50 code [0x0000000003fd0ce0, 0x0000000003fd1118]
Event: 11.434 Thread 0x000000003baec800 8316       3       java.lang.invoke.LambdaForm$NamedFunction::intrinsicName (21 bytes)
Event: 11.434 Thread 0x000000003baec800 nmethod 8316 0x0000000003fd1310 code [0x0000000003fd1480, 0x0000000003fd1708]
Event: 11.434 Thread 0x000000003baec800 8317       3       java.lang.invoke.InfoFromMemberName::getName (8 bytes)
Event: 11.435 Thread 0x000000003baec800 nmethod 8317 0x0000000003fd17d0 code [0x0000000003fd1960, 0x0000000003fd1ea8]
Event: 11.435 Thread 0x000000003baec800 8318       3       java.lang.invoke.TypeConvertingMethodAdapter::<init> (8 bytes)
Event: 11.435 Thread 0x000000003baec800 nmethod 8318 0x0000000003fd2010 code [0x0000000003fd2180, 0x0000000003fd23d0]
Event: 11.435 Thread 0x000000003baec800 8319       3       jdk.internal.org.objectweb.asm.MethodVisitor::visitCode (15 bytes)

GC Heap History (10 events):
Event: 9.465 GC heap before
{Heap before GC invocations=12 (full 5):
 PSYoungGen      total 559104K, used 838K [0x000000066b000000, 0x000000068fc80000, 0x00000007c0000000)
  eden space 515584K, 0% used [0x000000066b000000,0x000000066b000000,0x000000068a780000)
  from space 43520K, 1% used [0x000000068a780000,0x000000068a851a90,0x000000068d200000)
  to   space 43520K, 0% used [0x000000068d200000,0x000000068d200000,0x000000068fc80000)
 ParOldGen       total 660992K, used 24689K [0x00000003c1000000, 0x00000003e9580000, 0x000000066b000000)
  object space 660992K, 3% used [0x00000003c1000000,0x00000003c281c630,0x00000003e9580000)
 Metaspace       used 52816K, capacity 53870K, committed 54232K, reserved 1097728K
  class space    used 5738K, capacity 6031K, committed 6144K, reserved 1048576K
Event: 9.532 GC heap after
Heap after GC invocations=12 (full 5):
 PSYoungGen      total 559104K, used 0K [0x000000066b000000, 0x000000068fc80000, 0x00000007c0000000)
  eden space 515584K, 0% used [0x000000066b000000,0x000000066b000000,0x000000068a780000)
  from space 43520K, 0% used [0x000000068a780000,0x000000068a780000,0x000000068d200000)
  to   space 43520K, 0% used [0x000000068d200000,0x000000068d200000,0x000000068fc80000)
 ParOldGen       total 660992K, used 23825K [0x00000003c1000000, 0x00000003e9580000, 0x000000066b000000)
  object space 660992K, 3% used [0x00000003c1000000,0x00000003c2744508,0x00000003e9580000)
 Metaspace       used 52816K, capacity 53870K, committed 54232K, reserved 1097728K
  class space    used 5738K, capacity 6031K, committed 6144K, reserved 1048576K
}
Event: 9.635 GC heap before
{Heap before GC invocations=13 (full 5):
 PSYoungGen      total 559104K, used 118723K [0x000000066b000000, 0x000000068fc80000, 0x00000007c0000000)
  eden space 515584K, 23% used [0x000000066b000000,0x00000006723f0f58,0x000000068a780000)
  from space 43520K, 0% used [0x000000068a780000,0x000000068a780000,0x000000068d200000)
  to   space 43520K, 0% used [0x000000068d200000,0x000000068d200000,0x000000068fc80000)
 ParOldGen       total 660992K, used 23825K [0x00000003c1000000, 0x00000003e9580000, 0x000000066b000000)
  object space 660992K, 3% used [0x00000003c1000000,0x00000003c2744508,0x00000003e9580000)
 Metaspace       used 53046K, capacity 54196K, committed 54488K, reserved 1097728K
  class space    used 5767K, capacity 6070K, committed 6144K, reserved 1048576K
Event: 9.638 GC heap after
Heap after GC invocations=13 (full 5):
 PSYoungGen      total 559104K, used 838K [0x000000066b000000, 0x000000068fc80000, 0x00000007c0000000)
  eden space 515584K, 0% used [0x000000066b000000,0x000000066b000000,0x000000068a780000)
  from space 43520K, 1% used [0x000000068d200000,0x000000068d2d1a90,0x000000068fc80000)
  to   space 43520K, 0% used [0x000000068a780000,0x000000068a780000,0x000000068d200000)
 ParOldGen       total 660992K, used 23833K [0x00000003c1000000, 0x00000003e9580000, 0x000000066b000000)
  object space 660992K, 3% used [0x00000003c1000000,0x00000003c2746508,0x00000003e9580000)
 Metaspace       used 53046K, capacity 54196K, committed 54488K, reserved 1097728K
  class space    used 5767K, capacity 6070K, committed 6144K, reserved 1048576K
}
Event: 9.638 GC heap before
{Heap before GC invocations=14 (full 6):
 PSYoungGen      total 559104K, used 838K [0x000000066b000000, 0x000000068fc80000, 0x00000007c0000000)
  eden space 515584K, 0% used [0x000000066b000000,0x000000066b000000,0x000000068a780000)
  from space 43520K, 1% used [0x000000068d200000,0x000000068d2d1a90,0x000000068fc80000)
  to   space 43520K, 0% used [0x000000068a780000,0x000000068a780000,0x000000068d200000)
 ParOldGen       total 660992K, used 23833K [0x00000003c1000000, 0x00000003e9580000, 0x000000066b000000)
  object space 660992K, 3% used [0x00000003c1000000,0x00000003c2746508,0x00000003e9580000)
 Metaspace       used 53046K, capacity 54196K, committed 54488K, reserved 1097728K
  class space    used 5767K, capacity 6070K, committed 6144K, reserved 1048576K
Event: 9.814 GC heap after
Heap after GC invocations=14 (full 6):
 PSYoungGen      total 559104K, used 0K [0x000000066b000000, 0x000000068fc80000, 0x00000007c0000000)
  eden space 515584K, 0% used [0x000000066b000000,0x000000066b000000,0x000000068a780000)
  from space 43520K, 0% used [0x000000068d200000,0x000000068d200000,0x000000068fc80000)
  to   space 43520K, 0% used [0x000000068a780000,0x000000068a780000,0x000000068d200000)
 ParOldGen       total 660992K, used 23868K [0x00000003c1000000, 0x00000003e9580000, 0x000000066b000000)
  object space 660992K, 3% used [0x00000003c1000000,0x00000003c274f040,0x00000003e9580000)
 Metaspace       used 53046K, capacity 54196K, committed 54488K, reserved 1097728K
  class space    used 5767K, capacity 6070K, committed 6144K, reserved 1048576K
}
Event: 9.863 GC heap before
{Heap before GC invocations=15 (full 6):
 PSYoungGen      total 559104K, used 39458K [0x000000066b000000, 0x000000068fc80000, 0x00000007c0000000)
  eden space 515584K, 7% used [0x000000066b000000,0x000000066d688b10,0x000000068a780000)
  from space 43520K, 0% used [0x000000068d200000,0x000000068d200000,0x000000068fc80000)
  to   space 43520K, 0% used [0x000000068a780000,0x000000068a780000,0x000000068d200000)
 ParOldGen       total 660992K, used 23868K [0x00000003c1000000, 0x00000003e9580000, 0x000000066b000000)
  object space 660992K, 3% used [0x00000003c1000000,0x00000003c274f040,0x00000003e9580000)
 Metaspace       used 53149K, capacity 54280K, committed 54488K, reserved 1097728K
  class space    used 5772K, capacity 6078K, committed 6144K, reserved 1048576K
Event: 9.865 GC heap after
Heap after GC invocations=15 (full 6):
 PSYoungGen      total 559104K, used 774K [0x000000066b000000, 0x000000068fc80000, 0x00000007c0000000)
  eden space 515584K, 0% used [0x000000066b000000,0x000000066b000000,0x000000068a780000)
  from space 43520K, 1% used [0x000000068a780000,0x000000068a841a90,0x000000068d200000)
  to   space 43520K, 0% used [0x000000068d200000,0x000000068d200000,0x000000068fc80000)
 ParOldGen       total 660992K, used 23876K [0x00000003c1000000, 0x00000003e9580000, 0x000000066b000000)
  object space 660992K, 3% used [0x00000003c1000000,0x00000003c2751040,0x00000003e9580000)
 Metaspace       used 53149K, capacity 54280K, committed 54488K, reserved 1097728K
  class space    used 5772K, capacity 6078K, committed 6144K, reserved 1048576K
}
Event: 9.865 GC heap before
{Heap before GC invocations=16 (full 7):
 PSYoungGen      total 559104K, used 774K [0x000000066b000000, 0x000000068fc80000, 0x00000007c0000000)
  eden space 515584K, 0% used [0x000000066b000000,0x000000066b000000,0x000000068a780000)
  from space 43520K, 1% used [0x000000068a780000,0x000000068a841a90,0x000000068d200000)
  to   space 43520K, 0% used [0x000000068d200000,0x000000068d200000,0x000000068fc80000)
 ParOldGen       total 660992K, used 23876K [0x00000003c1000000, 0x00000003e9580000, 0x000000066b000000)
  object space 660992K, 3% used [0x00000003c1000000,0x00000003c2751040,0x00000003e9580000)
 Metaspace       used 53149K, capacity 54280K, committed 54488K, reserved 1097728K
  class space    used 5772K, capacity 6078K, committed 6144K, reserved 1048576K
Event: 9.916 GC heap after
Heap after GC invocations=16 (full 7):
 PSYoungGen      total 559104K, used 0K [0x000000066b000000, 0x000000068fc80000, 0x00000007c0000000)
  eden space 515584K, 0% used [0x000000066b000000,0x000000066b000000,0x000000068a780000)
  from space 43520K, 0% used [0x000000068a780000,0x000000068a780000,0x000000068d200000)
  to   space 43520K, 0% used [0x000000068d200000,0x000000068d200000,0x000000068fc80000)
 ParOldGen       total 660992K, used 23803K [0x00000003c1000000, 0x00000003e9580000, 0x000000066b000000)
  object space 660992K, 3% used [0x00000003c1000000,0x00000003c273ef60,0x00000003e9580000)
 Metaspace       used 53149K, capacity 54280K, committed 54488K, reserved 1097728K
  class space    used 5772K, capacity 6078K, committed 6144K, reserved 1048576K
}

Deoptimization events (10 events):
Event: 11.416 Thread 0x00000000429cc000 Uncommon trap: reason=unhandled action=none pc=0x00000000037cbd5c method=java.net.URLClassLoader.findClass(Ljava/lang/String;)Ljava/lang/Class; @ 44
Event: 11.417 Thread 0x00000000429cc000 Uncommon trap: reason=unhandled action=none pc=0x00000000037cbd5c method=java.net.URLClassLoader.findClass(Ljava/lang/String;)Ljava/lang/Class; @ 44
Event: 11.418 Thread 0x00000000429cc000 Uncommon trap: reason=unhandled action=none pc=0x00000000037cbd5c method=java.net.URLClassLoader.findClass(Ljava/lang/String;)Ljava/lang/Class; @ 44
Event: 11.419 Thread 0x00000000429cc000 Uncommon trap: reason=unhandled action=none pc=0x00000000037cbd5c method=java.net.URLClassLoader.findClass(Ljava/lang/String;)Ljava/lang/Class; @ 44
Event: 11.421 Thread 0x00000000429cc000 Uncommon trap: reason=unhandled action=none pc=0x00000000037cbd5c method=java.net.URLClassLoader.findClass(Ljava/lang/String;)Ljava/lang/Class; @ 44
Event: 11.422 Thread 0x00000000429cc000 Uncommon trap: reason=unhandled action=none pc=0x00000000037cbd5c method=java.net.URLClassLoader.findClass(Ljava/lang/String;)Ljava/lang/Class; @ 44
Event: 11.426 Thread 0x00000000429cc000 Uncommon trap: reason=unhandled action=none pc=0x00000000037cbd5c method=java.net.URLClassLoader.findClass(Ljava/lang/String;)Ljava/lang/Class; @ 44
Event: 11.427 Thread 0x00000000429cc000 Uncommon trap: reason=unhandled action=none pc=0x00000000037cbd5c method=java.net.URLClassLoader.findClass(Ljava/lang/String;)Ljava/lang/Class; @ 44
Event: 11.428 Thread 0x00000000429cc000 Uncommon trap: reason=unhandled action=none pc=0x00000000037cbd5c method=java.net.URLClassLoader.findClass(Ljava/lang/String;)Ljava/lang/Class; @ 44
Event: 11.429 Thread 0x00000000429cc000 Uncommon trap: reason=unhandled action=none pc=0x00000000037cbd5c method=java.net.URLClassLoader.findClass(Ljava/lang/String;)Ljava/lang/Class; @ 44

Classes redefined (0 events):
No events

Internal exceptions (10 events):
Event: 8.346 Thread 0x000000003f328000 Exception <a 'java/lang/ArrayIndexOutOfBoundsException': 55> (0x0000000678942f18) thrown at [C:\re\workspace\8-2-build-windows-amd64-cygwin\jdk8u181\11358\hotspot\src\share\vm\interpreter\interpreterRuntime.cpp, line 366]
Event: 8.346 Thread 0x000000003f328000 Exception <a 'java/lang/ArrayIndexOutOfBoundsException': 38> (0x00000006789440d8) thrown at [C:\re\workspace\8-2-build-windows-amd64-cygwin\jdk8u181\11358\hotspot\src\share\vm\interpreter\interpreterRuntime.cpp, line 366]
Event: 8.346 Thread 0x000000003f328000 Exception <a 'java/lang/ArrayIndexOutOfBoundsException': 38> (0x0000000678945080) thrown at [C:\re\workspace\8-2-build-windows-amd64-cygwin\jdk8u181\11358\hotspot\src\share\vm\interpreter\interpreterRuntime.cpp, line 366]
Event: 8.382 Thread 0x000000003f328000 Exception <a 'java/lang/ArrayIndexOutOfBoundsException': 67> (0x0000000678f425b8) thrown at [C:\re\workspace\8-2-build-windows-amd64-cygwin\jdk8u181\11358\hotspot\src\share\vm\interpreter\interpreterRuntime.cpp, line 366]
Event: 8.782 Thread 0x000000003f328000 Exception <a 'java/lang/IncompatibleClassChangeError': Found class java.lang.Object, but interface was expected> (0x000000066b1cc398) thrown at [C:\re\workspace\8-2-build-windows-amd64-cygwin\jdk8u181\11358\hotspot\src\share\vm\interpreter\linkResolver.cp
Event: 8.787 Thread 0x000000003f328000 Exception <a 'java/lang/IncompatibleClassChangeError': Found class java.lang.Object, but interface was expected> (0x000000066b1f3390) thrown at [C:\re\workspace\8-2-build-windows-amd64-cygwin\jdk8u181\11358\hotspot\src\share\vm\interpreter\linkResolver.cp
Event: 8.789 Thread 0x000000003f328000 Exception <a 'java/lang/NoSuchMethodError': java.lang.Object.lambda$copy$4(I)Lcom/simiacryptus/mindseye/lang/Tensor;> (0x000000066b214558) thrown at [C:\re\workspace\8-2-build-windows-amd64-cygwin\jdk8u181\11358\hotspot\src\share\vm\interpreter\linkResolv
Event: 8.789 Thread 0x000000003f328000 Exception <a 'java/lang/NoSuchMethodError': java.lang.Object.lambda$copy$5(I)[Lcom/simiacryptus/mindseye/lang/Tensor;> (0x000000066b218690) thrown at [C:\re\workspace\8-2-build-windows-amd64-cygwin\jdk8u181\11358\hotspot\src\share\vm\interpreter\linkResol
Event: 8.815 Thread 0x000000003f328000 Exception <a 'java/lang/NoSuchMethodError': java.lang.Object.lambda$run$1(Ljava/lang/Runnable;)Ljava/lang/Object;> (0x000000066b2fdcd8) thrown at [C:\re\workspace\8-2-build-windows-amd64-cygwin\jdk8u181\11358\hotspot\src\share\vm\interpreter\linkResolver.
Event: 9.396 Thread 0x000000003f328000 Implicit null exception at 0x00000000029f4658 to 0x00000000029f47c5

Events (10 events):
Event: 11.429 Thread 0x00000000429cc000 DEOPT PACKING pc=0x00000000031d4580 sp=0x000000000010daf0
Event: 11.429 Thread 0x00000000429cc000 DEOPT UNPACKING pc=0x00000000028b7490 sp=0x000000000010d7b0 mode 1
Event: 11.430 loading class java/util/function/IntUnaryOperator
Event: 11.430 loading class java/util/function/IntUnaryOperator done
Event: 11.432 loading class com/simiacryptus/mindseye/lang/cudnn/CudnnHandle
Event: 11.432 loading class com/simiacryptus/mindseye/lang/cudnn/CudnnHandle done
Event: 11.432 loading class com/simiacryptus/mindseye/lang/cudnn/CudnnHandle
Event: 11.432 loading class com/simiacryptus/mindseye/lang/cudnn/CudnnHandle done
Event: 11.433 loading class com/simiacryptus/lang/UncheckedSupplier
Event: 11.433 loading class com/simiacryptus/lang/UncheckedSupplier done


Dynamic libraries:
0x00007ff757530000 - 0x00007ff757567000 	C:\Program Files\Java\jdk1.8.0_181\bin\java.exe
0x00007ffdf61a0000 - 0x00007ffdf638d000 	C:\WINDOWS\SYSTEM32\ntdll.dll
0x00007ffdf43b0000 - 0x00007ffdf4463000 	C:\WINDOWS\System32\KERNEL32.DLL
0x00007ffdf2db0000 - 0x00007ffdf3043000 	C:\WINDOWS\System32\KERNELBASE.dll
0x00007ffdf4090000 - 0x00007ffdf4133000 	C:\WINDOWS\System32\ADVAPI32.dll
0x00007ffdf3b40000 - 0x00007ffdf3bde000 	C:\WINDOWS\System32\msvcrt.dll
0x00007ffdf49d0000 - 0x00007ffdf4a6e000 	C:\WINDOWS\System32\sechost.dll
0x00007ffdf4470000 - 0x00007ffdf4592000 	C:\WINDOWS\System32\RPCRT4.dll
0x00007ffdf3be0000 - 0x00007ffdf3d77000 	C:\WINDOWS\System32\USER32.dll
0x00007ffdf2b90000 - 0x00007ffdf2bb0000 	C:\WINDOWS\System32\win32u.dll
0x00007ffdf4a70000 - 0x00007ffdf4a99000 	C:\WINDOWS\System32\GDI32.dll
0x00007ffdf3050000 - 0x00007ffdf31ea000 	C:\WINDOWS\System32\gdi32full.dll
0x00007ffdf2270000 - 0x00007ffdf2310000 	C:\WINDOWS\System32\msvcp_win.dll
0x00007ffdf3250000 - 0x00007ffdf334a000 	C:\WINDOWS\System32\ucrtbase.dll
0x00007ffde4df0000 - 0x00007ffde5069000 	C:\WINDOWS\WinSxS\amd64_microsoft.windows.common-controls_6595b64144ccf1df_6.0.17763.379_none_05b83be8071c94a1\COMCTL32.dll
0x00007ffdf45a0000 - 0x00007ffdf48cd000 	C:\WINDOWS\System32\combase.dll
0x00007ffdf3350000 - 0x00007ffdf33ce000 	C:\WINDOWS\System32\bcryptPrimitives.dll
0x00007ffdf4940000 - 0x00007ffdf496e000 	C:\WINDOWS\System32\IMM32.DLL
0x000000005a140000 - 0x000000005a212000 	C:\Program Files\Java\jdk1.8.0_181\jre\bin\msvcr100.dll
0x0000000059890000 - 0x000000005a132000 	C:\Program Files\Java\jdk1.8.0_181\jre\bin\server\jvm.dll
0x00007ffdf6160000 - 0x00007ffdf6168000 	C:\WINDOWS\System32\PSAPI.DLL
0x00007ffdeece0000 - 0x00007ffdeece9000 	C:\WINDOWS\SYSTEM32\WSOCK32.dll
0x00007ffdec2b0000 - 0x00007ffdec2ba000 	C:\WINDOWS\SYSTEM32\VERSION.dll
0x00007ffdedec0000 - 0x00007ffdedee4000 	C:\WINDOWS\SYSTEM32\WINMM.dll
0x00007ffdf48d0000 - 0x00007ffdf493d000 	C:\WINDOWS\System32\WS2_32.dll
0x00007ffdede90000 - 0x00007ffdedebd000 	C:\WINDOWS\SYSTEM32\winmmbase.dll
0x00007ffdf2b10000 - 0x00007ffdf2b5a000 	C:\WINDOWS\System32\cfgmgr32.dll
0x0000000059880000 - 0x000000005988f000 	C:\Program Files\Java\jdk1.8.0_181\jre\bin\verify.dll
0x0000000059850000 - 0x0000000059879000 	C:\Program Files\Java\jdk1.8.0_181\jre\bin\java.dll
0x0000000059090000 - 0x00000000590c5000 	C:\Program Files\Java\jdk1.8.0_181\jre\bin\jdwp.dll
0x0000000059080000 - 0x0000000059088000 	C:\Program Files\Java\jdk1.8.0_181\jre\bin\npt.dll
0x0000000059050000 - 0x0000000059073000 	C:\Program Files\Java\jdk1.8.0_181\jre\bin\instrument.dll
0x0000000059830000 - 0x0000000059846000 	C:\Program Files\Java\jdk1.8.0_181\jre\bin\zip.dll
0x00007ffdf4aa0000 - 0x00007ffdf5f90000 	C:\WINDOWS\System32\SHELL32.dll
0x00007ffdf4140000 - 0x00007ffdf41e8000 	C:\WINDOWS\System32\shcore.dll
0x00007ffdf23c0000 - 0x00007ffdf2b0a000 	C:\WINDOWS\System32\windows.storage.dll
0x00007ffdf21a0000 - 0x00007ffdf21c4000 	C:\WINDOWS\System32\profapi.dll
0x00007ffdf2210000 - 0x00007ffdf226d000 	C:\WINDOWS\System32\powrprof.dll
0x00007ffdf3d80000 - 0x00007ffdf3dd2000 	C:\WINDOWS\System32\shlwapi.dll
0x00007ffdf21d0000 - 0x00007ffdf21e1000 	C:\WINDOWS\System32\kernel.appcore.dll
0x00007ffdf2bb0000 - 0x00007ffdf2bc7000 	C:\WINDOWS\System32\cryptsp.dll
0x0000000059040000 - 0x0000000059049000 	C:\Program Files\Java\jdk1.8.0_181\jre\bin\dt_socket.dll
0x00007ffdf1a20000 - 0x00007ffdf1a87000 	C:\WINDOWS\system32\mswsock.dll
0x0000000059810000 - 0x000000005982a000 	C:\Program Files\Java\jdk1.8.0_181\jre\bin\net.dll
0x00000000597f0000 - 0x0000000059801000 	C:\Program Files\Java\jdk1.8.0_181\jre\bin\nio.dll
0x00007ffdf15e0000 - 0x00007ffdf1613000 	C:\WINDOWS\system32\rsaenh.dll
0x00007ffdf2b60000 - 0x00007ffdf2b86000 	C:\WINDOWS\System32\bcrypt.dll
0x00007ffdf20d0000 - 0x00007ffdf20f8000 	C:\WINDOWS\SYSTEM32\USERENV.dll
0x00007ffdf1bf0000 - 0x00007ffdf1bfc000 	C:\WINDOWS\SYSTEM32\CRYPTBASE.dll
0x00007ffdf1780000 - 0x00007ffdf17bd000 	C:\WINDOWS\SYSTEM32\IPHLPAPI.DLL
0x00007ffdf34a0000 - 0x00007ffdf34a8000 	C:\WINDOWS\System32\NSI.dll
0x00007ffdec290000 - 0x00007ffdec2a6000 	C:\WINDOWS\SYSTEM32\dhcpcsvc6.DLL
0x00007ffdec190000 - 0x00007ffdec1ac000 	C:\WINDOWS\SYSTEM32\dhcpcsvc.DLL
0x00007ffdf17c0000 - 0x00007ffdf1886000 	C:\WINDOWS\SYSTEM32\DNSAPI.dll
0x0000000054500000 - 0x0000000054699000 	C:\Program Files\Java\jdk1.8.0_181\jre\bin\awt.dll
0x00007ffdf3de0000 - 0x00007ffdf3eab000 	C:\WINDOWS\System32\OLEAUT32.dll
0x00007ffdf0190000 - 0x00007ffdf021c000 	C:\WINDOWS\SYSTEM32\apphelp.dll
0x00007ffdf02c0000 - 0x00007ffdf035c000 	C:\WINDOWS\system32\uxtheme.dll
0x00007ffdf5f90000 - 0x00007ffdf60fa000 	C:\WINDOWS\System32\MSCTF.dll
0x00007ffdf05c0000 - 0x00007ffdf05ee000 	C:\WINDOWS\system32\dwmapi.dll
0x00007ffdf2bd0000 - 0x00007ffdf2dab000 	C:\WINDOWS\System32\CRYPT32.dll
0x00007ffdf21f0000 - 0x00007ffdf2202000 	C:\WINDOWS\System32\MSASN1.dll
0x00007ffdf3f30000 - 0x00007ffdf4085000 	C:\WINDOWS\System32\ole32.dll
0x00007ffdf0ba0000 - 0x00007ffdf0d48000 	C:\WINDOWS\SYSTEM32\PROPSYS.dll
0x00007ffde3bc0000 - 0x00007ffde3d96000 	C:\WINDOWS\SYSTEM32\urlmon.dll
0x00007ffde3910000 - 0x00007ffde3bb8000 	C:\WINDOWS\SYSTEM32\iertutil.dll
0x0000000059030000 - 0x000000005903d000 	C:\Program Files\Java\jdk1.8.0_181\jre\bin\management.dll
0x00007ffdf33d0000 - 0x00007ffdf3472000 	C:\WINDOWS\System32\clbcatq.dll
0x00007ffdd8690000 - 0x00007ffdd86ac000 	C:\Windows\System32\Windows.Shell.ServiceHostBuilder.dll
0x00007ffdeac60000 - 0x00007ffdeb39c000 	C:\Windows\System32\OneCoreUAPCommonProxyStub.dll
0x00007ffdd8c10000 - 0x00007ffdd8d38000 	C:\Windows\System32\Windows.StateRepositoryPS.dll
0x00007ffdd1850000 - 0x00007ffdd1895000 	C:\WINDOWS\SYSTEM32\edputil.dll
0x00007ffddebd0000 - 0x00007ffddebdc000 	C:\WINDOWS\SYSTEM32\Secur32.dll
0x00007ffdf20a0000 - 0x00007ffdf20cf000 	C:\WINDOWS\SYSTEM32\SSPICLI.DLL
0x00007ffdde9f0000 - 0x00007ffddea31000 	C:\WINDOWS\SYSTEM32\MLANG.dll
0x00007ffddab00000 - 0x00007ffddafe1000 	C:\WINDOWS\SYSTEM32\WININET.dll
0x00007ffdc85d0000 - 0x00007ffdc8615000 	C:\Windows\System32\Windows.UI.AppDefaults.dll
0x00007ffdf1c80000 - 0x00007ffdf1ca5000 	C:\Windows\System32\Wldp.dll
0x00007ffdf31f0000 - 0x00007ffdf3249000 	C:\WINDOWS\System32\WINTRUST.dll
0x00007ffdee9c0000 - 0x00007ffdeea40000 	C:\WINDOWS\SYSTEM32\policymanager.dll
0x00007ffdee830000 - 0x00007ffdee8ba000 	C:\WINDOWS\SYSTEM32\msvcp110_win.dll
0x00007ffdee530000 - 0x00007ffdee683000 	C:\Windows\System32\wintypes.dll
0x0000000058ff0000 - 0x000000005902e000 	C:\Program Files\Java\jdk1.8.0_181\jre\bin\lcms.dll
0x00007ffd5b700000 - 0x00007ffd6004f000 	C:\Users\andre\AppData\Local\Temp\tensorflow_native_libraries-1553448136205-0\tensorflow_jni.dll
0x00007ffdde850000 - 0x00007ffdde866000 	C:\WINDOWS\SYSTEM32\VCRUNTIME140.dll
0x00007ffdde7b0000 - 0x00007ffdde84f000 	C:\WINDOWS\SYSTEM32\MSVCP140.dll
0x00007ffdc84b0000 - 0x00007ffdc851f000 	C:\Users\andre\AppData\Local\Temp\JCudaRuntime-10.0.0-windows-x86_64.dll
0x00007ffdf36c0000 - 0x00007ffdf3b35000 	C:\WINDOWS\System32\Setupapi.dll
0x00007ffdf1fb0000 - 0x00007ffdf1fd9000 	C:\WINDOWS\SYSTEM32\DEVOBJ.dll
0x00007ffd5a3f0000 - 0x00007ffd5b6f2000 	C:\WINDOWS\system32\nvcuda.dll
0x00007ffdc7330000 - 0x00007ffdc7453000 	C:\WINDOWS\SYSTEM32\nvfatbinaryLoader.dll
0x00007ffde55a0000 - 0x00007ffde5aa2000 	C:\WINDOWS\system32\nvapi64.dll
0x00007ffdf0ee0000 - 0x00007ffdf0fa2000 	C:\WINDOWS\SYSTEM32\dxgi.dll
0x00007ffdc5de0000 - 0x00007ffdc5e41000 	C:\Users\andre\AppData\Local\Temp\JCudnn-10.0.0-windows-x86_64.dll
0x00007ffd45c60000 - 0x00007ffd5a3ed000 	C:\WINDOWS\SYSTEM32\cudnn64_7.dll
0x00007ffdded00000 - 0x00007ffddeeed000 	C:\WINDOWS\SYSTEM32\dbghelp.dll

VM Arguments:
jvm_args: -agentlib:jdwp=transport=dt_socket,address=127.0.0.1:53167,suspend=y,server=n -ea -Didea.test.cyclic.buffer.size=104857600 -javaagent:C:\Users\andre\.IdeaIC2018.1\system\captureAgent\debugger-agent.jar=file:/C:/Users/andre/AppData/Local/Temp/capture.props -Dfile.encoding=UTF-8 
java_command: com.intellij.rt.execution.junit.JUnitStarter -ideVersion5 -junit4 com.simiacryptus.mindseye.layers.tensorflow.MaxPoolLayerTest$Test0
java_class_path (initial): C:\Users\andre\AppData\Local\Temp\classpath1700724608.jar;C:\Users\andre\.IdeaIC2018.1\system\captureAgent\debugger-agent.jar
Launcher Type: SUN_STANDARD

Environment Variables:
PATH=C:\Program Files\NVIDIA GPU Computing Toolkit\CUDA\v10.0\bin;C:\Program Files\NVIDIA GPU Computing Toolkit\CUDA\v10.0\libnvvp;C:\Program Files (x86)\Common Files\Oracle\Java\javapath;C:\Program Files\NVIDIA GPU Computing Toolkit\CUDA\v9.1\bin;C:\Program Files\NVIDIA GPU Computing Toolkit\CUDA\v9.1\libnvvp;C:\Program Files\Oculus\Support\oculus-runtime;C:\ProgramData\Oracle\Java\javapath;C:\Program Files\NVIDIA GPU Computing Toolkit\CUDA\v8.0\bin;C:\Program Files\NVIDIA GPU Computing Toolkit\CUDA\v8.0\libnvvp;C:\WINDOWS\system32;C:\WINDOWS;C:\WINDOWS\System32\Wbem;C:\WINDOWS\System32\WindowsPowerShell\v1.0\;C:\Program Files (x86)\NVIDIA Corporation\PhysX\Common;D:\Program Files\Git\cmd;D:\Program Files\PuTTY\;C:\Program Files\CMake\bin;C:\Program Files\Microsoft SQL Server\130\Tools\Binn\;C:\Program Files\dotnet\;C:\Users\andre\.dnx\bin;C:\Program Files\Microsoft DNX\Dnvm\;C:\Program Files\Microsoft SQL Server\120\Tools\Binn\;C:\WINDOWS\SysWOW64\WindowsPowerShell\v1.0\Modules\TShell\TShell\;C:\Program Files\Git LFS;C:\Program Files\Amazon\AWSCLI\;C:\WINDOWS\system32;C:\WINDOWS;C:\WINDOWS\System32\Wbem;C:\WINDOWS\System32\WindowsPowerShell\v1.0\;C:\WINDOWS\System32\OpenSSH\;C:\Program Files\NVIDIA Corporation\NVIDIA NvDLISR;C:\Program Files\PuTTY\;C:\Users\andre\AppData\Local\Microsoft\WindowsApps;C:\Users\andre\AppData\Local\GitHubDesktop\bin;%USERPROFILE%\AppData\Local\Microsoft\WindowsApps;
USERNAME=andre
OS=Windows_NT
PROCESSOR_IDENTIFIER=AMD64 Family 23 Model 1 Stepping 1, AuthenticAMD



---------------  S Y S T E M  ---------------

OS: Windows 10.0 , 64 bit Build 17763 (10.0.17763.379)

CPU:total 12 (initial active 12) (12 cores per cpu, 1 threads per core) family 23 model 1 stepping 1, cmov, cx8, fxsr, mmx, sse, sse2, sse3, ssse3, sse4.1, sse4.2, popcnt, avx, avx2, aes, clmul, mmxext, 3dnowpref, lzcnt, sse4a, tsc, tscinvbit, tscinv, bmi1

Memory: 4k page, physical 67039432k(51665752k free), swap 77000904k(51374488k free)

vm_info: Java HotSpot(TM) 64-Bit Server VM (25.181-b13) for windows-amd64 JRE (1.8.0_181-b13), built on Jul  7 2018 04:01:33 by "java_re" with MS VC++ 10.0 (VS2010)

time: Sun Mar 24 10:22:20 2019
elapsed time: 11 seconds (0d 0h 0m 11s)

