#
# A fatal error has been detected by the Java Runtime Environment:
#
#  EXCEPTION_ACCESS_VIOLATION (0xc0000005) at pc=0x00007ffd46641f5c, pid=448, tid=0x00000000000056d0
#
# JRE version: Java(TM) SE Runtime Environment (8.0_181-b13) (build 1.8.0_181-b13)
# Java VM: Java HotSpot(TM) 64-Bit Server VM (25.181-b13 mixed mode windows-amd64 compressed oops)
# Problematic frame:
# C  [cudnn64_7.dll+0x9e1f5c]
#
# Failed to write core dump. Minidumps are not enabled by default on client versions of Windows
#
# If you would like to submit a bug report, please visit:
#   http://bugreport.java.com/bugreport/crash.jsp
# The crash happened outside the Java Virtual Machine in native code.
# See problematic frame for where to report the bug.
#

---------------  T H R E A D  ---------------

Current thread (0x00000000423c0800):  JavaThread "CudnnHandle{0; null}@1657ce83" [_thread_in_native, id=22224, stack(0x000000007f200000,0x000000007f300000)]

siginfo: ExceptionCode=0xc0000005, reading address 0x000000190200e200

Registers:
RAX=0x0000000000000000, RBX=0x000000007f2fcb08, RCX=0x000000004edd2080, RDX=0x000000007f2fc9c0
RSP=0x000000007f2fca50, RBP=0x000000007f2fcac0, RSI=0x000000190200e000, RDI=0x000000190200e200
R8 =0x000000007f2fc9b0, R9 =0x0000000000000000, R10=0x0000000000000001, R11=0x000000007f2fca30
R12=0x0000000000000000, R13=0x000000004d314898, R14=0x000000190200e200, R15=0x00000000423c0800
RIP=0x00007ffd46641f5c, EFLAGS=0x0000000000010246

Top of Stack: (sp=0x000000007f2fca50)
0x000000007f2fca50:   000000004d33dd28 000000004edd1e20
0x000000007f2fca60:   000000007f2fcb08 000000007f2fcac0
0x000000007f2fca70:   0000001000000010 00007ffd00000001
0x000000007f2fca80:   0000000100000001 0000000000000001
0x000000007f2fca90:   00000000423c0800 000000004d174398
0x000000007f2fcaa0:   000000004d340c50 0000000002e61784
0x000000007f2fcab0:   0000000059abc6a0 00007ffd46641e6d
0x000000007f2fcac0:   000000007f2fcbd0 00007ffd45c6850b
0x000000007f2fcad0:   000000008e483f20 000000190200e000
0x000000007f2fcae0:   000000005128ec80 00000007c006c3a0
0x000000007f2fcaf0:   0000000044606750 000000004d160138
0x000000007f2fcb00:   000000004d2d2830 0000000000000001
0x000000007f2fcb10:   0000000100000001 0000000600000006
0x000000007f2fcb20:   0000002400000024 0000000100000006
0x000000007f2fcb30:   000000004d341dc0 000000074d32eed0
0x000000007f2fcb40:   000000304d2ca660 000000004d3411e8 

Instructions: (pc=0x00007ffd46641f5c)
0x00007ffd46641f3c:   00 c7 45 c8 01 00 00 00 48 89 45 c0 e8 53 0b 2c
0x00007ffd46641f4c:   00 85 c0 0f 85 14 01 00 00 0f 10 03 0f 10 4b 10
0x00007ffd46641f5c:   f2 0f 10 17 48 8d 4d d0 48 8b d6 0f 29 45 d0 0f
0x00007ffd46641f6c:   29 4d e0 f2 0f 10 43 20 f2 0f 11 45 f0 e8 62 b1 


Register to memory mapping:

RAX=0x0000000000000000 is an unknown value
RBX=0x000000007f2fcb08 is pointing into the stack for thread: 0x00000000423c0800
RCX=0x000000004edd2080 is an unknown value
RDX=0x000000007f2fc9c0 is pointing into the stack for thread: 0x00000000423c0800
RSP=0x000000007f2fca50 is pointing into the stack for thread: 0x00000000423c0800
RBP=0x000000007f2fcac0 is pointing into the stack for thread: 0x00000000423c0800
RSI=0x000000190200e000 is an unknown value
RDI=0x000000190200e200 is an unknown value
R8 =0x000000007f2fc9b0 is pointing into the stack for thread: 0x00000000423c0800
R9 =0x0000000000000000 is an unknown value
R10=0x0000000000000001 is an unknown value
R11=0x000000007f2fca30 is pointing into the stack for thread: 0x00000000423c0800
R12=0x0000000000000000 is an unknown value
R13={method} {0x000000004d3148a0} 'cudnnSetTensorNative' '(Ljcuda/jcudnn/cudnnHandle;Ljcuda/jcudnn/cudnnTensorDescriptor;Ljcuda/Pointer;Ljcuda/Pointer;)I' in 'jcuda/jcudnn/JCudnn'
R14=0x000000190200e200 is an unknown value
R15=0x00000000423c0800 is a thread


Stack: [0x000000007f200000,0x000000007f300000],  sp=0x000000007f2fca50,  free space=1010k
Native frames: (J=compiled Java code, j=interpreted, Vv=VM code, C=native code)
C  [cudnn64_7.dll+0x9e1f5c]
C  [cudnn64_7.dll+0x850b]
C  [JCudnn-10.0.0-windows-x86_64.dll+0x19550]
C  0x0000000002e617b0

Java frames: (J=compiled Java code, j=interpreted, Vv=VM code)
j  jcuda.jcudnn.JCudnn.cudnnSetTensorNative(Ljcuda/jcudnn/cudnnHandle;Ljcuda/jcudnn/cudnnTensorDescriptor;Ljcuda/Pointer;Ljcuda/Pointer;)I+0
j  jcuda.jcudnn.JCudnn.cudnnSetTensor(Ljcuda/jcudnn/cudnnHandle;Ljcuda/jcudnn/cudnnTensorDescriptor;Ljcuda/Pointer;Ljcuda/Pointer;)I+4
j  com.simiacryptus.mindseye.lang.cudnn.CudnnHandle.cudnnSetTensor(Ljcuda/jcudnn/cudnnTensorDescriptor;Lcom/simiacryptus/mindseye/lang/cudnn/CudaPointer;Lcom/simiacryptus/mindseye/lang/cudnn/CudaPointer;)I+36
j  com.simiacryptus.mindseye.layers.cudnn.ImgCropLayer.copy(Lcom/simiacryptus/mindseye/lang/cudnn/CudnnHandle;Lcom/simiacryptus/mindseye/lang/cudnn/CudaTensor;I[I[IZLcom/simiacryptus/mindseye/lang/cudnn/Precision;)Lcom/simiacryptus/mindseye/lang/cudnn/CudaTensor;+678
j  com.simiacryptus.mindseye.layers.cudnn.ImgCropLayer.lambda$evalAndFree$1(Lcom/simiacryptus/mindseye/lang/TensorList;[I[IILcom/simiacryptus/mindseye/lang/cudnn/CudnnHandle;)Lcom/simiacryptus/mindseye/lang/cudnn/CudaTensorList;+122
j  com.simiacryptus.mindseye.layers.cudnn.ImgCropLayer$$Lambda$358.apply(Ljava/lang/Object;)Ljava/lang/Object;+24
j  com.simiacryptus.mindseye.lang.cudnn.CudaSystem.lambda$null$18(Ljava/util/function/Function;Lcom/simiacryptus/mindseye/lang/cudnn/CudnnHandle;)Ljava/lang/Object;+2
j  com.simiacryptus.mindseye.lang.cudnn.CudaSystem$$Lambda$369.get()Ljava/lang/Object;+8
j  com.simiacryptus.mindseye.lang.cudnn.CudnnHandle.lambda$null$2(Ljava/util/function/Supplier;)Ljava/lang/Object;+36
j  com.simiacryptus.mindseye.lang.cudnn.CudnnHandle$$Lambda$371.call()Ljava/lang/Object;+8
j  java.util.concurrent.FutureTask.run$$$capture()V+42
j  java.util.concurrent.FutureTask.run()V+5
j  java.util.concurrent.ThreadPoolExecutor.runWorker(Ljava/util/concurrent/ThreadPoolExecutor$Worker;)V+95
j  java.util.concurrent.ThreadPoolExecutor$Worker.run()V+5
j  java.lang.Thread.run()V+11
v  ~StubRoutines::call_stub

---------------  P R O C E S S  ---------------

Java Threads: ( => current thread )
=>0x00000000423c0800 JavaThread "CudnnHandle{0; null}@1657ce83" [_thread_in_native, id=22224, stack(0x000000007f200000,0x000000007f300000)]
  0x00000000423bf800 JavaThread "ForkJoinPool.commonPool-worker-21" daemon [_thread_blocked, id=16520, stack(0x000000006d820000,0x000000006d920000)]
  0x00000000423c1000 JavaThread "ForkJoinPool.commonPool-worker-0" daemon [_thread_blocked, id=17504, stack(0x000000006d720000,0x000000006d820000)]
  0x00000000423be800 JavaThread "ForkJoinPool.commonPool-worker-47" daemon [_thread_blocked, id=14556, stack(0x000000006d620000,0x000000006d720000)]
  0x00000000423c2800 JavaThread "ForkJoinPool.commonPool-worker-61" daemon [_thread_blocked, id=5748, stack(0x000000006d520000,0x000000006d620000)]
  0x00000000423c2000 JavaThread "ForkJoinPool.commonPool-worker-40" daemon [_thread_blocked, id=17296, stack(0x000000006d420000,0x000000006d520000)]
  0x00000000423b7000 JavaThread "ForkJoinPool.commonPool-worker-33" daemon [_thread_blocked, id=656, stack(0x000000006d320000,0x000000006d420000)]
  0x00000000423be000 JavaThread "ForkJoinPool.commonPool-worker-19" daemon [_thread_blocked, id=1500, stack(0x000000006d220000,0x000000006d320000)]
  0x00000000423b6800 JavaThread "ForkJoinPool.commonPool-worker-5" daemon [_thread_blocked, id=10304, stack(0x000000006d120000,0x000000006d220000)]
  0x00000000423bd000 JavaThread "ForkJoinPool.commonPool-worker-62" daemon [_thread_blocked, id=21004, stack(0x000000006d020000,0x000000006d120000)]
  0x00000000423b5800 JavaThread "ForkJoinPool.commonPool-worker-55" daemon [_thread_blocked, id=19108, stack(0x000000006cf20000,0x000000006d020000)]
  0x00000000423bc800 JavaThread "ForkJoinPool.commonPool-worker-41" daemon [_thread_blocked, id=19372, stack(0x000000006ce20000,0x000000006cf20000)]
  0x00000000423bb800 JavaThread "ForkJoinPool.commonPool-worker-34" daemon [_thread_blocked, id=14380, stack(0x000000006cd20000,0x000000006ce20000)]
  0x00000000423b4000 JavaThread "ForkJoinPool.commonPool-worker-7" daemon [_thread_blocked, id=18012, stack(0x000000006cc20000,0x000000006cd20000)]
  0x00000000423bb000 JavaThread "ForkJoinPool.commonPool-worker-20" daemon [_thread_blocked, id=22160, stack(0x000000006cb20000,0x000000006cc20000)]
  0x00000000423b8000 JavaThread "ForkJoinPool.commonPool-worker-13" daemon [_thread_blocked, id=2800, stack(0x000000006ca20000,0x000000006cb20000)]
  0x00000000423b3800 JavaThread "ForkJoinPool.commonPool-worker-14" daemon [_thread_blocked, id=3828, stack(0x000000006c920000,0x000000006ca20000)]
  0x00000000423ba000 JavaThread "ForkJoinPool.commonPool-worker-6" daemon [_thread_blocked, id=6040, stack(0x000000006c820000,0x000000006c920000)]
  0x00000000423b9800 JavaThread "ForkJoinPool.commonPool-worker-56" daemon [_thread_blocked, id=19440, stack(0x000000006c720000,0x000000006c820000)]
  0x00000000423b8800 JavaThread "ForkJoinPool.commonPool-worker-49" daemon [_thread_blocked, id=9104, stack(0x000000006c620000,0x000000006c720000)]
  0x00000000423b5000 JavaThread "ForkJoinPool.commonPool-worker-35" daemon [_thread_blocked, id=20704, stack(0x000000006c520000,0x000000006c620000)]
  0x0000000040e71800 JavaThread "ForkJoinPool.commonPool-worker-28" daemon [_thread_blocked, id=22128, stack(0x000000006c420000,0x000000006c520000)]
  0x0000000043696000 JavaThread "ForkJoinPool.commonPool-worker-18" daemon [_thread_blocked, id=3380, stack(0x000000006c320000,0x000000006c420000)]
  0x0000000043695800 JavaThread "ForkJoinPool.commonPool-worker-11" daemon [_thread_blocked, id=22440, stack(0x000000006c220000,0x000000006c320000)]
  0x0000000043694800 JavaThread "ForkJoinPool.commonPool-worker-4" daemon [_thread_blocked, id=16800, stack(0x000000006c120000,0x000000006c220000)]
  0x000000004368f800 JavaThread "ForkJoinPool.commonPool-worker-42" daemon [_thread_blocked, id=22212, stack(0x000000006c020000,0x000000006c120000)]
  0x0000000043693000 JavaThread "ForkJoinPool.commonPool-worker-63" daemon [_thread_blocked, id=16708, stack(0x000000006bf20000,0x000000006c020000)]
  0x0000000043694000 JavaThread "ForkJoinPool.commonPool-worker-27" daemon [_thread_blocked, id=8256, stack(0x000000006be20000,0x000000006bf20000)]
  0x0000000043692800 JavaThread "ForkJoinPool.commonPool-worker-48" daemon [_thread_blocked, id=20860, stack(0x000000006bd20000,0x000000006be20000)]
  0x0000000043691000 JavaThread "ForkJoinPool.commonPool-worker-12" daemon [_thread_blocked, id=8384, stack(0x000000006bc20000,0x000000006bd20000)]
  0x000000004368c800 JavaThread "ForkJoinPool.commonPool-worker-26" daemon [_thread_blocked, id=4212, stack(0x000000006bb20000,0x000000006bc20000)]
  0x0000000043690000 JavaThread "ForkJoinPool.commonPool-worker-54" daemon [_thread_blocked, id=4132, stack(0x000000006ba20000,0x000000006bb20000)]
  0x000000004368e800 JavaThread "ForkJoinPool.commonPool-worker-25" daemon [_thread_blocked, id=17176, stack(0x000000006b920000,0x000000006ba20000)]
  0x0000000043687000 JavaThread "ForkJoinPool.commonPool-worker-39" daemon [_thread_blocked, id=11284, stack(0x00000000588a0000,0x00000000589a0000)]
  0x000000004368e000 JavaThread "ForkJoinPool.commonPool-worker-32" daemon [_thread_blocked, id=17204, stack(0x00000000587a0000,0x00000000588a0000)]
  0x000000004368d000 JavaThread "ForkJoinPool.commonPool-worker-46" daemon [_thread_blocked, id=11556, stack(0x00000000586a0000,0x00000000587a0000)]
  0x000000004368b000 JavaThread "ForkJoinPool.commonPool-worker-53" daemon [_thread_blocked, id=10972, stack(0x00000000577a0000,0x00000000578a0000)]
  0x000000004368b800 JavaThread "ForkJoinPool.commonPool-worker-60" daemon [_thread_blocked, id=432, stack(0x0000000054ca0000,0x0000000054da0000)]
  0x0000000043688800 JavaThread "ForkJoinPool.commonPool-worker-3" daemon [_thread_blocked, id=11184, stack(0x0000000054ba0000,0x0000000054ca0000)]
  0x0000000043688000 JavaThread "ForkJoinPool.commonPool-worker-10" daemon [_thread_blocked, id=4588, stack(0x0000000052580000,0x0000000052680000)]
  0x0000000043689800 JavaThread "ForkJoinPool.commonPool-worker-17" daemon [_thread_blocked, id=16988, stack(0x0000000052480000,0x0000000052580000)]
  0x000000004368a000 JavaThread "ForkJoinPool.commonPool-worker-24" daemon [_thread_blocked, id=23420, stack(0x0000000050e80000,0x0000000050f80000)]
  0x0000000040e70800 JavaThread "ForkJoinPool.commonPool-worker-38" daemon [_thread_blocked, id=7964, stack(0x000000004ff80000,0x0000000050080000)]
  0x0000000040e70000 JavaThread "ForkJoinPool.commonPool-worker-31" daemon [_thread_blocked, id=22996, stack(0x000000004fe80000,0x000000004ff80000)]
  0x0000000040e6f000 JavaThread "ForkJoinPool.commonPool-worker-2" daemon [_thread_blocked, id=18192, stack(0x000000004fd80000,0x000000004fe80000)]
  0x0000000040e6e800 JavaThread "ForkJoinPool.commonPool-worker-59" daemon [_thread_blocked, id=5580, stack(0x000000004fc80000,0x000000004fd80000)]
  0x0000000040e6d800 JavaThread "ForkJoinPool.commonPool-worker-52" daemon [_thread_blocked, id=17392, stack(0x000000004fb80000,0x000000004fc80000)]
  0x0000000040e6d000 JavaThread "ForkJoinPool.commonPool-worker-45" daemon [_thread_blocked, id=22436, stack(0x000000004fa80000,0x000000004fb80000)]
  0x0000000040e65800 JavaThread "ForkJoinPool.commonPool-worker-9" daemon [_thread_blocked, id=20964, stack(0x000000004f980000,0x000000004fa80000)]
  0x0000000040e6c000 JavaThread "ForkJoinPool.commonPool-worker-16" daemon [_thread_blocked, id=14752, stack(0x000000004e680000,0x000000004e780000)]
  0x0000000040e6b800 JavaThread "ForkJoinPool.commonPool-worker-30" daemon [_thread_blocked, id=388, stack(0x000000004e580000,0x000000004e680000)]
  0x0000000040e6a800 JavaThread "ForkJoinPool.commonPool-worker-23" daemon [_thread_blocked, id=20816, stack(0x000000004e480000,0x000000004e580000)]
  0x0000000040e6a000 JavaThread "ForkJoinPool.commonPool-worker-37" daemon [_thread_blocked, id=5104, stack(0x000000004e380000,0x000000004e480000)]
  0x0000000040e64000 JavaThread "ForkJoinPool.commonPool-worker-1" daemon [_thread_blocked, id=2200, stack(0x000000004e280000,0x000000004e380000)]
  0x0000000040e69000 JavaThread "ForkJoinPool.commonPool-worker-58" daemon [_thread_blocked, id=22736, stack(0x000000004e180000,0x000000004e280000)]
  0x0000000040e68800 JavaThread "ForkJoinPool.commonPool-worker-51" daemon [_thread_blocked, id=10560, stack(0x000000004e080000,0x000000004e180000)]
  0x0000000040e66000 JavaThread "ForkJoinPool.commonPool-worker-44" daemon [_thread_blocked, id=152, stack(0x000000004df80000,0x000000004e080000)]
  0x0000000040e67000 JavaThread "ForkJoinPool.commonPool-worker-8" daemon [_thread_blocked, id=19352, stack(0x000000004de80000,0x000000004df80000)]
  0x0000000040e67800 JavaThread "ForkJoinPool.commonPool-worker-15" daemon [_thread_blocked, id=20116, stack(0x000000004dd80000,0x000000004de80000)]
  0x0000000040e64800 JavaThread "ForkJoinPool.commonPool-worker-22" daemon [_thread_blocked, id=4272, stack(0x000000004dc80000,0x000000004dd80000)]
  0x0000000040e62800 JavaThread "ForkJoinPool.commonPool-worker-29" daemon [_thread_blocked, id=5744, stack(0x000000004db80000,0x000000004dc80000)]
  0x0000000040e63000 JavaThread "ForkJoinPool.commonPool-worker-36" daemon [_thread_blocked, id=22260, stack(0x000000004da80000,0x000000004db80000)]
  0x000000004318c000 JavaThread "ForkJoinPool.commonPool-worker-43" daemon [_thread_blocked, id=18616, stack(0x000000004d980000,0x000000004da80000)]
  0x000000004318c800 JavaThread "ForkJoinPool.commonPool-worker-50" daemon [_thread_blocked, id=10860, stack(0x000000004d880000,0x000000004d980000)]
  0x0000000043188800 JavaThread "ForkJoinPool.commonPool-worker-57" daemon [_thread_blocked, id=20836, stack(0x000000004d780000,0x000000004d880000)]
  0x0000000043188000 JavaThread "pool-4-thread-1" daemon [_thread_blocked, id=14920, stack(0x000000004ce80000,0x000000004cf80000)]
  0x0000000043187000 JavaThread "NanoHttpd Request Processor (#2)" daemon [_thread_in_native, id=5968, stack(0x0000000049c80000,0x0000000049d80000)]
  0x000000004318e000 JavaThread "NanoHttpd Request Processor (#1)" daemon [_thread_in_native, id=2816, stack(0x0000000049b80000,0x0000000049c80000)]
  0x000000004318d800 JavaThread "AWT-Windows" daemon [_thread_in_native, id=20100, stack(0x0000000045900000,0x0000000045a00000)]
  0x000000003e511000 JavaThread "Java2D Disposer" daemon [_thread_blocked, id=11392, stack(0x0000000044730000,0x0000000044830000)]
  0x000000003e5f3000 JavaThread "NanoHttpd Main Listener" daemon [_thread_in_native, id=21008, stack(0x0000000044330000,0x0000000044430000)]
  0x000000003d584800 JavaThread "Time-limited test" daemon [_thread_blocked, id=22132, stack(0x0000000043d90000,0x0000000043e90000)]
  0x000000003e696000 JavaThread "pool-2-thread-1" daemon [_thread_blocked, id=22920, stack(0x000000003f310000,0x000000003f410000)]
  0x000000003c155000 JavaThread "Service Thread" daemon [_thread_blocked, id=7572, stack(0x000000003c830000,0x000000003c930000)]
  0x000000003c0a2800 JavaThread "C1 CompilerThread3" daemon [_thread_blocked, id=19308, stack(0x000000003c730000,0x000000003c830000)]
  0x000000003c0a2000 JavaThread "C2 CompilerThread2" daemon [_thread_blocked, id=21988, stack(0x000000003c630000,0x000000003c730000)]
  0x000000003c0a6800 JavaThread "C2 CompilerThread1" daemon [_thread_in_native, id=1988, stack(0x000000003c530000,0x000000003c630000)]
  0x000000003c0a5800 JavaThread "C2 CompilerThread0" daemon [_thread_blocked, id=12144, stack(0x000000003c430000,0x000000003c530000)]
  0x000000003a2ec800 JavaThread "JDWP Command Reader" daemon [_thread_in_native, id=20948, stack(0x000000003bb30000,0x000000003bc30000)]
  0x000000003a2e7800 JavaThread "JDWP Event Helper Thread" daemon [_thread_blocked, id=20516, stack(0x000000003ba30000,0x000000003bb30000)]
  0x0000000038c09000 JavaThread "JDWP Transport Listener: dt_socket" daemon [_thread_blocked, id=11472, stack(0x000000003b930000,0x000000003ba30000)]
  0x000000003a2d8000 JavaThread "Attach Listener" daemon [_thread_blocked, id=15872, stack(0x000000003b830000,0x000000003b930000)]
  0x000000003a2d5000 JavaThread "Signal Dispatcher" daemon [_thread_blocked, id=14492, stack(0x000000003b730000,0x000000003b830000)]
  0x0000000002e3d000 JavaThread "Finalizer" daemon [_thread_blocked, id=11096, stack(0x000000003b530000,0x000000003b630000)]
  0x0000000002e3c000 JavaThread "Reference Handler" daemon [_thread_blocked, id=3140, stack(0x000000003b430000,0x000000003b530000)]
  0x0000000002d43800 JavaThread "main" [_thread_blocked, id=372, stack(0x0000000002a30000,0x0000000002b30000)]

Other Threads:
  0x0000000002e39800 VMThread [stack: 0x000000003b330000,0x000000003b430000] [id=17108]
  0x000000003c22c000 WatcherThread [stack: 0x000000003c930000,0x000000003ca30000] [id=10828]

VM state:not at safepoint (normal execution)

VM Mutex/Monitor currently owned by a thread: None

Heap:
 PSYoungGen      total 552960K, used 37037K [0x000000066b000000, 0x000000068f680000, 0x00000007c0000000)
  eden space 509440K, 7% used [0x000000066b000000,0x000000066d42b7d0,0x000000068a180000)
  from space 43520K, 0% used [0x000000068a180000,0x000000068a180000,0x000000068cc00000)
  to   space 43520K, 0% used [0x000000068cc00000,0x000000068cc00000,0x000000068f680000)
 ParOldGen       total 673280K, used 23773K [0x00000003c1000000, 0x00000003ea180000, 0x000000066b000000)
  object space 673280K, 3% used [0x00000003c1000000,0x00000003c27375d8,0x00000003ea180000)
 Metaspace       used 53881K, capacity 55290K, committed 55384K, reserved 1097728K
  class space    used 5875K, capacity 6225K, committed 6272K, reserved 1048576K

Card table byte_map: [0x0000000012200000,0x0000000014200000] byte_map_base: 0x00000000103f8000

Marking Bits: (ParMarkBitMap*) 0x000000005a0b2d00
 Begin Bits: [0x0000000016150000, 0x0000000026110000)
 End Bits:   [0x0000000026110000, 0x00000000360d0000)

Polling page: 0x0000000000b70000

CodeCache: size=245760Kb used=23422Kb max_used=23434Kb free=222337Kb
 bounds [0x0000000002e40000, 0x0000000004540000, 0x0000000011e40000]
 total_blobs=7779 nmethods=7057 adapters=641
 compilation: enabled

Compilation events (10 events):
Event: 12.211 Thread 0x000000003c0a2000 8301       4       java.util.stream.AbstractPipeline::sourceSpliterator (265 bytes)
Event: 12.213 Thread 0x000000003c0a2800 nmethod 8300 0x0000000004527ed0 code [0x0000000004528320, 0x000000000452b248]
Event: 12.213 Thread 0x000000003c0a2800 8296       3       java.lang.invoke.TypeConvertingMethodAdapter::<init> (8 bytes)
Event: 12.213 Thread 0x000000003c0a2800 nmethod 8296 0x000000000452d3d0 code [0x000000000452d540, 0x000000000452d790]
Event: 12.213 Thread 0x000000003c0a2800 8297       3       jdk.internal.org.objectweb.asm.MethodVisitor::visitCode (15 bytes)
Event: 12.213 Thread 0x000000003c0a2800 nmethod 8297 0x000000000452d890 code [0x000000000452da00, 0x000000000452dc68]
Event: 12.213 Thread 0x000000003c0a2800 8298       3       jdk.internal.org.objectweb.asm.MethodVisitor::visitEnd (15 bytes)
Event: 12.213 Thread 0x000000003c0a2800 nmethod 8298 0x000000000452dd10 code [0x000000000452de80, 0x000000000452e0e8]
Event: 12.213 Thread 0x000000003c0a2800 8299       3       java.lang.invoke.LambdaForm$DMH/1451708599::invokeStatic_L6_L (24 bytes)
Event: 12.213 Thread 0x000000003c0a2800 nmethod 8299 0x000000000452e190 code [0x000000000452e320, 0x000000000452e918]

GC Heap History (10 events):
Event: 10.020 GC heap before
{Heap before GC invocations=12 (full 5):
 PSYoungGen      total 552960K, used 838K [0x000000066b000000, 0x000000068f680000, 0x00000007c0000000)
  eden space 509440K, 0% used [0x000000066b000000,0x000000066b000000,0x000000068a180000)
  from space 43520K, 1% used [0x000000068a180000,0x000000068a251a90,0x000000068cc00000)
  to   space 43520K, 0% used [0x000000068cc00000,0x000000068cc00000,0x000000068f680000)
 ParOldGen       total 673280K, used 24658K [0x00000003c1000000, 0x00000003ea180000, 0x000000066b000000)
  object space 673280K, 3% used [0x00000003c1000000,0x00000003c2814b18,0x00000003ea180000)
 Metaspace       used 52790K, capacity 53938K, committed 54232K, reserved 1097728K
  class space    used 5738K, capacity 6031K, committed 6144K, reserved 1048576K
Event: 10.093 GC heap after
Heap after GC invocations=12 (full 5):
 PSYoungGen      total 552960K, used 0K [0x000000066b000000, 0x000000068f680000, 0x00000007c0000000)
  eden space 509440K, 0% used [0x000000066b000000,0x000000066b000000,0x000000068a180000)
  from space 43520K, 0% used [0x000000068a180000,0x000000068a180000,0x000000068cc00000)
  to   space 43520K, 0% used [0x000000068cc00000,0x000000068cc00000,0x000000068f680000)
 ParOldGen       total 673280K, used 23794K [0x00000003c1000000, 0x00000003ea180000, 0x000000066b000000)
  object space 673280K, 3% used [0x00000003c1000000,0x00000003c273ca18,0x00000003ea180000)
 Metaspace       used 52790K, capacity 53938K, committed 54232K, reserved 1097728K
  class space    used 5738K, capacity 6031K, committed 6144K, reserved 1048576K
}
Event: 10.195 GC heap before
{Heap before GC invocations=13 (full 5):
 PSYoungGen      total 552960K, used 108504K [0x000000066b000000, 0x000000068f680000, 0x00000007c0000000)
  eden space 509440K, 21% used [0x000000066b000000,0x00000006719f6298,0x000000068a180000)
  from space 43520K, 0% used [0x000000068a180000,0x000000068a180000,0x000000068cc00000)
  to   space 43520K, 0% used [0x000000068cc00000,0x000000068cc00000,0x000000068f680000)
 ParOldGen       total 673280K, used 23794K [0x00000003c1000000, 0x00000003ea180000, 0x000000066b000000)
  object space 673280K, 3% used [0x00000003c1000000,0x00000003c273ca18,0x00000003ea180000)
 Metaspace       used 53022K, capacity 54196K, committed 54488K, reserved 1097728K
  class space    used 5767K, capacity 6070K, committed 6144K, reserved 1048576K
Event: 10.197 GC heap after
Heap after GC invocations=13 (full 5):
 PSYoungGen      total 552960K, used 870K [0x000000066b000000, 0x000000068f680000, 0x00000007c0000000)
  eden space 509440K, 0% used [0x000000066b000000,0x000000066b000000,0x000000068a180000)
  from space 43520K, 2% used [0x000000068cc00000,0x000000068ccd9a90,0x000000068f680000)
  to   space 43520K, 0% used [0x000000068a180000,0x000000068a180000,0x000000068cc00000)
 ParOldGen       total 673280K, used 23802K [0x00000003c1000000, 0x00000003ea180000, 0x000000066b000000)
  object space 673280K, 3% used [0x00000003c1000000,0x00000003c273ea18,0x00000003ea180000)
 Metaspace       used 53022K, capacity 54196K, committed 54488K, reserved 1097728K
  class space    used 5767K, capacity 6070K, committed 6144K, reserved 1048576K
}
Event: 10.197 GC heap before
{Heap before GC invocations=14 (full 6):
 PSYoungGen      total 552960K, used 870K [0x000000066b000000, 0x000000068f680000, 0x00000007c0000000)
  eden space 509440K, 0% used [0x000000066b000000,0x000000066b000000,0x000000068a180000)
  from space 43520K, 2% used [0x000000068cc00000,0x000000068ccd9a90,0x000000068f680000)
  to   space 43520K, 0% used [0x000000068a180000,0x000000068a180000,0x000000068cc00000)
 ParOldGen       total 673280K, used 23802K [0x00000003c1000000, 0x00000003ea180000, 0x000000066b000000)
  object space 673280K, 3% used [0x00000003c1000000,0x00000003c273ea18,0x00000003ea180000)
 Metaspace       used 53022K, capacity 54196K, committed 54488K, reserved 1097728K
  class space    used 5767K, capacity 6070K, committed 6144K, reserved 1048576K
Event: 10.388 GC heap after
Heap after GC invocations=14 (full 6):
 PSYoungGen      total 552960K, used 0K [0x000000066b000000, 0x000000068f680000, 0x00000007c0000000)
  eden space 509440K, 0% used [0x000000066b000000,0x000000066b000000,0x000000068a180000)
  from space 43520K, 0% used [0x000000068cc00000,0x000000068cc00000,0x000000068f680000)
  to   space 43520K, 0% used [0x000000068a180000,0x000000068a180000,0x000000068cc00000)
 ParOldGen       total 673280K, used 23837K [0x00000003c1000000, 0x00000003ea180000, 0x000000066b000000)
  object space 673280K, 3% used [0x00000003c1000000,0x00000003c2747480,0x00000003ea180000)
 Metaspace       used 53022K, capacity 54196K, committed 54488K, reserved 1097728K
  class space    used 5767K, capacity 6070K, committed 6144K, reserved 1048576K
}
Event: 10.439 GC heap before
{Heap before GC invocations=15 (full 6):
 PSYoungGen      total 552960K, used 32256K [0x000000066b000000, 0x000000068f680000, 0x00000007c0000000)
  eden space 509440K, 6% used [0x000000066b000000,0x000000066cf802c8,0x000000068a180000)
  from space 43520K, 0% used [0x000000068cc00000,0x000000068cc00000,0x000000068f680000)
  to   space 43520K, 0% used [0x000000068a180000,0x000000068a180000,0x000000068cc00000)
 ParOldGen       total 673280K, used 23837K [0x00000003c1000000, 0x00000003ea180000, 0x000000066b000000)
  object space 673280K, 3% used [0x00000003c1000000,0x00000003c2747480,0x00000003ea180000)
 Metaspace       used 53108K, capacity 54280K, committed 54488K, reserved 1097728K
  class space    used 5772K, capacity 6078K, committed 6144K, reserved 1048576K
Event: 10.441 GC heap after
Heap after GC invocations=15 (full 6):
 PSYoungGen      total 552960K, used 678K [0x000000066b000000, 0x000000068f680000, 0x00000007c0000000)
  eden space 509440K, 0% used [0x000000066b000000,0x000000066b000000,0x000000068a180000)
  from space 43520K, 1% used [0x000000068a180000,0x000000068a229a90,0x000000068cc00000)
  to   space 43520K, 0% used [0x000000068cc00000,0x000000068cc00000,0x000000068f680000)
 ParOldGen       total 673280K, used 23845K [0x00000003c1000000, 0x00000003ea180000, 0x000000066b000000)
  object space 673280K, 3% used [0x00000003c1000000,0x00000003c2749480,0x00000003ea180000)
 Metaspace       used 53108K, capacity 54280K, committed 54488K, reserved 1097728K
  class space    used 5772K, capacity 6078K, committed 6144K, reserved 1048576K
}
Event: 10.441 GC heap before
{Heap before GC invocations=16 (full 7):
 PSYoungGen      total 552960K, used 678K [0x000000066b000000, 0x000000068f680000, 0x00000007c0000000)
  eden space 509440K, 0% used [0x000000066b000000,0x000000066b000000,0x000000068a180000)
  from space 43520K, 1% used [0x000000068a180000,0x000000068a229a90,0x000000068cc00000)
  to   space 43520K, 0% used [0x000000068cc00000,0x000000068cc00000,0x000000068f680000)
 ParOldGen       total 673280K, used 23845K [0x00000003c1000000, 0x00000003ea180000, 0x000000066b000000)
  object space 673280K, 3% used [0x00000003c1000000,0x00000003c2749480,0x00000003ea180000)
 Metaspace       used 53108K, capacity 54280K, committed 54488K, reserved 1097728K
  class space    used 5772K, capacity 6078K, committed 6144K, reserved 1048576K
Event: 10.498 GC heap after
Heap after GC invocations=16 (full 7):
 PSYoungGen      total 552960K, used 0K [0x000000066b000000, 0x000000068f680000, 0x00000007c0000000)
  eden space 509440K, 0% used [0x000000066b000000,0x000000066b000000,0x000000068a180000)
  from space 43520K, 0% used [0x000000068a180000,0x000000068a180000,0x000000068cc00000)
  to   space 43520K, 0% used [0x000000068cc00000,0x000000068cc00000,0x000000068f680000)
 ParOldGen       total 673280K, used 23773K [0x00000003c1000000, 0x00000003ea180000, 0x000000066b000000)
  object space 673280K, 3% used [0x00000003c1000000,0x00000003c27375d8,0x00000003ea180000)
 Metaspace       used 53108K, capacity 54280K, committed 54488K, reserved 1097728K
  class space    used 5772K, capacity 6078K, committed 6144K, reserved 1048576K
}

Deoptimization events (10 events):
Event: 12.194 Thread 0x00000000423c0800 Uncommon trap: reason=unhandled action=none pc=0x0000000003d90edc method=java.net.URLClassLoader.findClass(Ljava/lang/String;)Ljava/lang/Class; @ 44
Event: 12.194 Thread 0x00000000423c0800 Uncommon trap: reason=unhandled action=none pc=0x0000000003d90edc method=java.net.URLClassLoader.findClass(Ljava/lang/String;)Ljava/lang/Class; @ 44
Event: 12.195 Thread 0x00000000423c0800 Uncommon trap: reason=unhandled action=none pc=0x0000000003d90edc method=java.net.URLClassLoader.findClass(Ljava/lang/String;)Ljava/lang/Class; @ 44
Event: 12.196 Thread 0x00000000423c0800 Uncommon trap: reason=unhandled action=none pc=0x0000000003d90edc method=java.net.URLClassLoader.findClass(Ljava/lang/String;)Ljava/lang/Class; @ 44
Event: 12.198 Thread 0x00000000423c0800 Uncommon trap: reason=unhandled action=none pc=0x0000000003d90edc method=java.net.URLClassLoader.findClass(Ljava/lang/String;)Ljava/lang/Class; @ 44
Event: 12.199 Thread 0x00000000423c0800 Uncommon trap: reason=unhandled action=none pc=0x0000000003d90edc method=java.net.URLClassLoader.findClass(Ljava/lang/String;)Ljava/lang/Class; @ 44
Event: 12.203 Thread 0x00000000423c0800 Uncommon trap: reason=unhandled action=none pc=0x0000000003d90edc method=java.net.URLClassLoader.findClass(Ljava/lang/String;)Ljava/lang/Class; @ 44
Event: 12.205 Thread 0x00000000423c0800 Uncommon trap: reason=unhandled action=none pc=0x0000000003d90edc method=java.net.URLClassLoader.findClass(Ljava/lang/String;)Ljava/lang/Class; @ 44
Event: 12.205 Thread 0x00000000423c0800 Uncommon trap: reason=unhandled action=none pc=0x0000000003d90edc method=java.net.URLClassLoader.findClass(Ljava/lang/String;)Ljava/lang/Class; @ 44
Event: 12.206 Thread 0x00000000423c0800 Uncommon trap: reason=unhandled action=none pc=0x0000000003d90edc method=java.net.URLClassLoader.findClass(Ljava/lang/String;)Ljava/lang/Class; @ 44

Classes redefined (0 events):
No events

Internal exceptions (10 events):
Event: 8.877 Thread 0x000000003d584800 Exception <a 'java/lang/ArrayIndexOutOfBoundsException': 55> (0x0000000677f4bc28) thrown at [C:\re\workspace\8-2-build-windows-amd64-cygwin\jdk8u181\11358\hotspot\src\share\vm\interpreter\interpreterRuntime.cpp, line 366]
Event: 8.877 Thread 0x000000003d584800 Exception <a 'java/lang/ArrayIndexOutOfBoundsException': 38> (0x0000000677f4cec0) thrown at [C:\re\workspace\8-2-build-windows-amd64-cygwin\jdk8u181\11358\hotspot\src\share\vm\interpreter\interpreterRuntime.cpp, line 366]
Event: 8.877 Thread 0x000000003d584800 Exception <a 'java/lang/ArrayIndexOutOfBoundsException': 38> (0x0000000677f4de68) thrown at [C:\re\workspace\8-2-build-windows-amd64-cygwin\jdk8u181\11358\hotspot\src\share\vm\interpreter\interpreterRuntime.cpp, line 366]
Event: 8.914 Thread 0x000000003d584800 Exception <a 'java/lang/ArrayIndexOutOfBoundsException': 67> (0x0000000678547e08) thrown at [C:\re\workspace\8-2-build-windows-amd64-cygwin\jdk8u181\11358\hotspot\src\share\vm\interpreter\interpreterRuntime.cpp, line 366]
Event: 9.325 Thread 0x000000003d584800 Exception <a 'java/lang/IncompatibleClassChangeError': Found class java.lang.Object, but interface was expected> (0x000000066b1cc398) thrown at [C:\re\workspace\8-2-build-windows-amd64-cygwin\jdk8u181\11358\hotspot\src\share\vm\interpreter\linkResolver.cp
Event: 9.330 Thread 0x000000003d584800 Exception <a 'java/lang/IncompatibleClassChangeError': Found class java.lang.Object, but interface was expected> (0x000000066b1f3398) thrown at [C:\re\workspace\8-2-build-windows-amd64-cygwin\jdk8u181\11358\hotspot\src\share\vm\interpreter\linkResolver.cp
Event: 9.332 Thread 0x000000003d584800 Exception <a 'java/lang/NoSuchMethodError': java.lang.Object.lambda$copy$4(I)Lcom/simiacryptus/mindseye/lang/Tensor;> (0x000000066b214560) thrown at [C:\re\workspace\8-2-build-windows-amd64-cygwin\jdk8u181\11358\hotspot\src\share\vm\interpreter\linkResolv
Event: 9.332 Thread 0x000000003d584800 Exception <a 'java/lang/NoSuchMethodError': java.lang.Object.lambda$copy$5(I)[Lcom/simiacryptus/mindseye/lang/Tensor;> (0x000000066b218698) thrown at [C:\re\workspace\8-2-build-windows-amd64-cygwin\jdk8u181\11358\hotspot\src\share\vm\interpreter\linkResol
Event: 9.359 Thread 0x000000003d584800 Exception <a 'java/lang/NoSuchMethodError': java.lang.Object.lambda$run$1(Ljava/lang/Runnable;)Ljava/lang/Object;> (0x000000066d34d220) thrown at [C:\re\workspace\8-2-build-windows-amd64-cygwin\jdk8u181\11358\hotspot\src\share\vm\interpreter\linkResolver.
Event: 9.944 Thread 0x000000003d584800 Implicit null exception at 0x00000000037a8518 to 0x00000000037a8685

Events (10 events):
Event: 12.206 Thread 0x00000000423c0800 DEOPT PACKING pc=0x0000000003c8b164 sp=0x000000007f2fdac0
Event: 12.206 Thread 0x00000000423c0800 DEOPT UNPACKING pc=0x0000000002e87490 sp=0x000000007f2fd780 mode 1
Event: 12.208 loading class java/util/function/IntUnaryOperator
Event: 12.208 loading class java/util/function/IntUnaryOperator done
Event: 12.209 loading class com/simiacryptus/mindseye/lang/cudnn/CudnnHandle
Event: 12.209 loading class com/simiacryptus/mindseye/lang/cudnn/CudnnHandle done
Event: 12.210 loading class com/simiacryptus/mindseye/lang/cudnn/CudnnHandle
Event: 12.210 loading class com/simiacryptus/mindseye/lang/cudnn/CudnnHandle done
Event: 12.211 loading class com/simiacryptus/lang/UncheckedSupplier
Event: 12.211 loading class com/simiacryptus/lang/UncheckedSupplier done


Dynamic libraries:
0x00007ff757530000 - 0x00007ff757567000 	C:\Program Files\Java\jdk1.8.0_181\bin\java.exe
0x00007ffdf61a0000 - 0x00007ffdf638d000 	C:\WINDOWS\SYSTEM32\ntdll.dll
0x00007ffdf43b0000 - 0x00007ffdf4463000 	C:\WINDOWS\System32\KERNEL32.DLL
0x00007ffdf2db0000 - 0x00007ffdf3043000 	C:\WINDOWS\System32\KERNELBASE.dll
0x00007ffdf4090000 - 0x00007ffdf4133000 	C:\WINDOWS\System32\ADVAPI32.dll
0x00007ffdf3b40000 - 0x00007ffdf3bde000 	C:\WINDOWS\System32\msvcrt.dll
0x00007ffdf49d0000 - 0x00007ffdf4a6e000 	C:\WINDOWS\System32\sechost.dll
0x00007ffdf4470000 - 0x00007ffdf4592000 	C:\WINDOWS\System32\RPCRT4.dll
0x00007ffdf3be0000 - 0x00007ffdf3d77000 	C:\WINDOWS\System32\USER32.dll
0x00007ffdf2b90000 - 0x00007ffdf2bb0000 	C:\WINDOWS\System32\win32u.dll
0x00007ffdf4a70000 - 0x00007ffdf4a99000 	C:\WINDOWS\System32\GDI32.dll
0x00007ffdf3050000 - 0x00007ffdf31ea000 	C:\WINDOWS\System32\gdi32full.dll
0x00007ffdf2270000 - 0x00007ffdf2310000 	C:\WINDOWS\System32\msvcp_win.dll
0x00007ffdf3250000 - 0x00007ffdf334a000 	C:\WINDOWS\System32\ucrtbase.dll
0x00007ffde4df0000 - 0x00007ffde5069000 	C:\WINDOWS\WinSxS\amd64_microsoft.windows.common-controls_6595b64144ccf1df_6.0.17763.379_none_05b83be8071c94a1\COMCTL32.dll
0x00007ffdf45a0000 - 0x00007ffdf48cd000 	C:\WINDOWS\System32\combase.dll
0x00007ffdf3350000 - 0x00007ffdf33ce000 	C:\WINDOWS\System32\bcryptPrimitives.dll
0x00007ffdf4940000 - 0x00007ffdf496e000 	C:\WINDOWS\System32\IMM32.DLL
0x000000005a140000 - 0x000000005a212000 	C:\Program Files\Java\jdk1.8.0_181\jre\bin\msvcr100.dll
0x0000000059890000 - 0x000000005a132000 	C:\Program Files\Java\jdk1.8.0_181\jre\bin\server\jvm.dll
0x00007ffdf6160000 - 0x00007ffdf6168000 	C:\WINDOWS\System32\PSAPI.DLL
0x00007ffdeece0000 - 0x00007ffdeece9000 	C:\WINDOWS\SYSTEM32\WSOCK32.dll
0x00007ffdec2b0000 - 0x00007ffdec2ba000 	C:\WINDOWS\SYSTEM32\VERSION.dll
0x00007ffdedec0000 - 0x00007ffdedee4000 	C:\WINDOWS\SYSTEM32\WINMM.dll
0x00007ffdf48d0000 - 0x00007ffdf493d000 	C:\WINDOWS\System32\WS2_32.dll
0x00007ffdede90000 - 0x00007ffdedebd000 	C:\WINDOWS\SYSTEM32\WINMMBASE.dll
0x00007ffdf2b10000 - 0x00007ffdf2b5a000 	C:\WINDOWS\System32\cfgmgr32.dll
0x0000000059880000 - 0x000000005988f000 	C:\Program Files\Java\jdk1.8.0_181\jre\bin\verify.dll
0x0000000059850000 - 0x0000000059879000 	C:\Program Files\Java\jdk1.8.0_181\jre\bin\java.dll
0x0000000059090000 - 0x00000000590c5000 	C:\Program Files\Java\jdk1.8.0_181\jre\bin\jdwp.dll
0x0000000059080000 - 0x0000000059088000 	C:\Program Files\Java\jdk1.8.0_181\jre\bin\npt.dll
0x0000000059050000 - 0x0000000059073000 	C:\Program Files\Java\jdk1.8.0_181\jre\bin\instrument.dll
0x0000000059830000 - 0x0000000059846000 	C:\Program Files\Java\jdk1.8.0_181\jre\bin\zip.dll
0x00007ffdf4aa0000 - 0x00007ffdf5f90000 	C:\WINDOWS\System32\SHELL32.dll
0x00007ffdf4140000 - 0x00007ffdf41e8000 	C:\WINDOWS\System32\shcore.dll
0x00007ffdf23c0000 - 0x00007ffdf2b0a000 	C:\WINDOWS\System32\windows.storage.dll
0x00007ffdf21a0000 - 0x00007ffdf21c4000 	C:\WINDOWS\System32\profapi.dll
0x00007ffdf2210000 - 0x00007ffdf226d000 	C:\WINDOWS\System32\powrprof.dll
0x00007ffdf3d80000 - 0x00007ffdf3dd2000 	C:\WINDOWS\System32\shlwapi.dll
0x00007ffdf21d0000 - 0x00007ffdf21e1000 	C:\WINDOWS\System32\kernel.appcore.dll
0x00007ffdf2bb0000 - 0x00007ffdf2bc7000 	C:\WINDOWS\System32\cryptsp.dll
0x0000000059040000 - 0x0000000059049000 	C:\Program Files\Java\jdk1.8.0_181\jre\bin\dt_socket.dll
0x00007ffdf1a20000 - 0x00007ffdf1a87000 	C:\WINDOWS\system32\mswsock.dll
0x0000000059810000 - 0x000000005982a000 	C:\Program Files\Java\jdk1.8.0_181\jre\bin\net.dll
0x00000000597f0000 - 0x0000000059801000 	C:\Program Files\Java\jdk1.8.0_181\jre\bin\nio.dll
0x00007ffdf15e0000 - 0x00007ffdf1613000 	C:\WINDOWS\system32\rsaenh.dll
0x00007ffdf2b60000 - 0x00007ffdf2b86000 	C:\WINDOWS\System32\bcrypt.dll
0x00007ffdf20d0000 - 0x00007ffdf20f8000 	C:\WINDOWS\SYSTEM32\USERENV.dll
0x00007ffdf1bf0000 - 0x00007ffdf1bfc000 	C:\WINDOWS\SYSTEM32\CRYPTBASE.dll
0x00007ffdf1780000 - 0x00007ffdf17bd000 	C:\WINDOWS\SYSTEM32\IPHLPAPI.DLL
0x00007ffdf34a0000 - 0x00007ffdf34a8000 	C:\WINDOWS\System32\NSI.dll
0x00007ffdec290000 - 0x00007ffdec2a6000 	C:\WINDOWS\SYSTEM32\dhcpcsvc6.DLL
0x00007ffdec190000 - 0x00007ffdec1ac000 	C:\WINDOWS\SYSTEM32\dhcpcsvc.DLL
0x00007ffdf17c0000 - 0x00007ffdf1886000 	C:\WINDOWS\SYSTEM32\DNSAPI.dll
0x0000000054500000 - 0x0000000054699000 	C:\Program Files\Java\jdk1.8.0_181\jre\bin\awt.dll
0x00007ffdf3de0000 - 0x00007ffdf3eab000 	C:\WINDOWS\System32\OLEAUT32.dll
0x00007ffdf0190000 - 0x00007ffdf021c000 	C:\WINDOWS\SYSTEM32\apphelp.dll
0x00007ffdf02c0000 - 0x00007ffdf035c000 	C:\WINDOWS\system32\uxtheme.dll
0x00007ffdf5f90000 - 0x00007ffdf60fa000 	C:\WINDOWS\System32\MSCTF.dll
0x00007ffdf05c0000 - 0x00007ffdf05ee000 	C:\WINDOWS\system32\dwmapi.dll
0x00007ffdf2bd0000 - 0x00007ffdf2dab000 	C:\WINDOWS\System32\CRYPT32.dll
0x00007ffdf21f0000 - 0x00007ffdf2202000 	C:\WINDOWS\System32\MSASN1.dll
0x00007ffdf3f30000 - 0x00007ffdf4085000 	C:\WINDOWS\System32\ole32.dll
0x00007ffdf0ba0000 - 0x00007ffdf0d48000 	C:\WINDOWS\SYSTEM32\PROPSYS.dll
0x00007ffde3bc0000 - 0x00007ffde3d96000 	C:\WINDOWS\SYSTEM32\urlmon.dll
0x00007ffde3910000 - 0x00007ffde3bb8000 	C:\WINDOWS\SYSTEM32\iertutil.dll
0x0000000059030000 - 0x000000005903d000 	C:\Program Files\Java\jdk1.8.0_181\jre\bin\management.dll
0x00007ffdf33d0000 - 0x00007ffdf3472000 	C:\WINDOWS\System32\clbcatq.dll
0x00007ffdd8690000 - 0x00007ffdd86ac000 	C:\Windows\System32\Windows.Shell.ServiceHostBuilder.dll
0x00007ffdeac60000 - 0x00007ffdeb39c000 	C:\Windows\System32\OneCoreUAPCommonProxyStub.dll
0x00007ffdd8c10000 - 0x00007ffdd8d38000 	C:\Windows\System32\Windows.StateRepositoryPS.dll
0x00007ffdd1850000 - 0x00007ffdd1895000 	C:\WINDOWS\SYSTEM32\edputil.dll
0x00007ffddebd0000 - 0x00007ffddebdc000 	C:\WINDOWS\SYSTEM32\Secur32.dll
0x00007ffdf20a0000 - 0x00007ffdf20cf000 	C:\WINDOWS\SYSTEM32\SSPICLI.DLL
0x00007ffdde9f0000 - 0x00007ffddea31000 	C:\WINDOWS\SYSTEM32\MLANG.dll
0x00007ffddab00000 - 0x00007ffddafe1000 	C:\WINDOWS\SYSTEM32\WININET.dll
0x00007ffdc85d0000 - 0x00007ffdc8615000 	C:\Windows\System32\Windows.UI.AppDefaults.dll
0x00007ffdf1c80000 - 0x00007ffdf1ca5000 	C:\Windows\System32\Wldp.dll
0x00007ffdf31f0000 - 0x00007ffdf3249000 	C:\WINDOWS\System32\WINTRUST.dll
0x00007ffdee9c0000 - 0x00007ffdeea40000 	C:\WINDOWS\SYSTEM32\policymanager.dll
0x00007ffdee830000 - 0x00007ffdee8ba000 	C:\WINDOWS\SYSTEM32\msvcp110_win.dll
0x00007ffdee530000 - 0x00007ffdee683000 	C:\Windows\System32\wintypes.dll
0x0000000058ff0000 - 0x000000005902e000 	C:\Program Files\Java\jdk1.8.0_181\jre\bin\lcms.dll
0x00007ffd5b700000 - 0x00007ffd6004f000 	C:\Users\andre\AppData\Local\Temp\tensorflow_native_libraries-1553447828645-0\tensorflow_jni.dll
0x00007ffdde850000 - 0x00007ffdde866000 	C:\WINDOWS\SYSTEM32\VCRUNTIME140.dll
0x00007ffdde7b0000 - 0x00007ffdde84f000 	C:\WINDOWS\SYSTEM32\MSVCP140.dll
0x00007ffdc84b0000 - 0x00007ffdc851f000 	C:\Users\andre\AppData\Local\Temp\JCudaRuntime-10.0.0-windows-x86_64.dll
0x00007ffdf36c0000 - 0x00007ffdf3b35000 	C:\WINDOWS\System32\Setupapi.dll
0x00007ffdf1fb0000 - 0x00007ffdf1fd9000 	C:\WINDOWS\SYSTEM32\DEVOBJ.dll
0x00007ffd5a3f0000 - 0x00007ffd5b6f2000 	C:\WINDOWS\system32\nvcuda.dll
0x00007ffdc7330000 - 0x00007ffdc7453000 	C:\WINDOWS\SYSTEM32\nvfatbinaryLoader.dll
0x00007ffde55a0000 - 0x00007ffde5aa2000 	C:\WINDOWS\system32\nvapi64.dll
0x00007ffdf0ee0000 - 0x00007ffdf0fa2000 	C:\WINDOWS\SYSTEM32\dxgi.dll
0x00007ffdc5de0000 - 0x00007ffdc5e41000 	C:\Users\andre\AppData\Local\Temp\JCudnn-10.0.0-windows-x86_64.dll
0x00007ffd45c60000 - 0x00007ffd5a3ed000 	C:\WINDOWS\SYSTEM32\cudnn64_7.dll
0x00007ffdded00000 - 0x00007ffddeeed000 	C:\WINDOWS\SYSTEM32\dbghelp.dll

VM Arguments:
jvm_args: -agentlib:jdwp=transport=dt_socket,address=127.0.0.1:53099,suspend=y,server=n -ea -Didea.test.cyclic.buffer.size=104857600 -javaagent:C:\Users\andre\.IdeaIC2018.1\system\captureAgent\debugger-agent.jar=file:/C:/Users/andre/AppData/Local/Temp/capture.props -Dfile.encoding=UTF-8 
java_command: com.intellij.rt.execution.junit.JUnitStarter -ideVersion5 -junit4 com.simiacryptus.mindseye.layers.tensorflow.MaxPoolLayerTest$Test0
java_class_path (initial): C:\Users\andre\AppData\Local\Temp\classpath687041122.jar;C:\Users\andre\.IdeaIC2018.1\system\captureAgent\debugger-agent.jar
Launcher Type: SUN_STANDARD

Environment Variables:
PATH=C:\Program Files\NVIDIA GPU Computing Toolkit\CUDA\v10.0\bin;C:\Program Files\NVIDIA GPU Computing Toolkit\CUDA\v10.0\libnvvp;C:\Program Files (x86)\Common Files\Oracle\Java\javapath;C:\Program Files\NVIDIA GPU Computing Toolkit\CUDA\v9.1\bin;C:\Program Files\NVIDIA GPU Computing Toolkit\CUDA\v9.1\libnvvp;C:\Program Files\Oculus\Support\oculus-runtime;C:\ProgramData\Oracle\Java\javapath;C:\Program Files\NVIDIA GPU Computing Toolkit\CUDA\v8.0\bin;C:\Program Files\NVIDIA GPU Computing Toolkit\CUDA\v8.0\libnvvp;C:\WINDOWS\system32;C:\WINDOWS;C:\WINDOWS\System32\Wbem;C:\WINDOWS\System32\WindowsPowerShell\v1.0\;C:\Program Files (x86)\NVIDIA Corporation\PhysX\Common;D:\Program Files\Git\cmd;D:\Program Files\PuTTY\;C:\Program Files\CMake\bin;C:\Program Files\Microsoft SQL Server\130\Tools\Binn\;C:\Program Files\dotnet\;C:\Users\andre\.dnx\bin;C:\Program Files\Microsoft DNX\Dnvm\;C:\Program Files\Microsoft SQL Server\120\Tools\Binn\;C:\WINDOWS\SysWOW64\WindowsPowerShell\v1.0\Modules\TShell\TShell\;C:\Program Files\Git LFS;C:\Program Files\Amazon\AWSCLI\;C:\WINDOWS\system32;C:\WINDOWS;C:\WINDOWS\System32\Wbem;C:\WINDOWS\System32\WindowsPowerShell\v1.0\;C:\WINDOWS\System32\OpenSSH\;C:\Program Files\NVIDIA Corporation\NVIDIA NvDLISR;C:\Program Files\PuTTY\;C:\Users\andre\AppData\Local\Microsoft\WindowsApps;C:\Users\andre\AppData\Local\GitHubDesktop\bin;%USERPROFILE%\AppData\Local\Microsoft\WindowsApps;
USERNAME=andre
OS=Windows_NT
PROCESSOR_IDENTIFIER=AMD64 Family 23 Model 1 Stepping 1, AuthenticAMD



---------------  S Y S T E M  ---------------

OS: Windows 10.0 , 64 bit Build 17763 (10.0.17763.379)

CPU:total 12 (initial active 12) (12 cores per cpu, 1 threads per core) family 23 model 1 stepping 1, cmov, cx8, fxsr, mmx, sse, sse2, sse3, ssse3, sse4.1, sse4.2, popcnt, avx, avx2, aes, clmul, mmxext, 3dnowpref, lzcnt, sse4a, tsc, tscinvbit, tscinv, bmi1

Memory: 4k page, physical 67039432k(51716300k free), swap 77000904k(51513404k free)

vm_info: Java HotSpot(TM) 64-Bit Server VM (25.181-b13) for windows-amd64 JRE (1.8.0_181-b13), built on Jul  7 2018 04:01:33 by "java_re" with MS VC++ 10.0 (VS2010)

time: Sun Mar 24 10:17:13 2019
elapsed time: 12 seconds (0d 0h 0m 12s)

